<?xml version="1.0" encoding="UTF-8"?>
<!-- Generated by org.testng.reporters.JUnitReportReporter -->
<testsuite hostname="Steller" failures="0" tests="3" name="selenium.automation.framework.tests.Features.WaitsDemo" time="68.140" errors="0" timestamp="2025-11-22T13:50:09 IST" skipped="0">
  <testcase classname="selenium.automation.framework.tests.Features.WaitsDemo" name="testImplicitWaitFailure" time="34.100"/>
  <testcase classname="selenium.automation.framework.tests.Features.WaitsDemo" name="testExplicitWaitSuccess" time="17.592"/>
  <testcase classname="selenium.automation.framework.tests.Features.WaitsDemo" name="testFluentWaitDemo" time="16.448"/>
</testsuite> <!-- selenium.automation.framework.tests.Features.WaitsDemo -->
