<?xml version="1.0" encoding="UTF-8"?>
<!-- Generated by org.testng.reporters.JUnitReportReporter -->
<testsuite hostname="Steller" failures="0" tests="1" name="selenium.automation.framework.tests.Features.BrowserConsoleLogsDemo" time="17.492" errors="0" timestamp="2025-11-22T13:50:09 IST" skipped="0">
  <testcase classname="selenium.automation.framework.tests.Features.BrowserConsoleLogsDemo" name="testBrowserConsoleLogs" time="17.492"/>
</testsuite> <!-- selenium.automation.framework.tests.Features.BrowserConsoleLogsDemo -->
