<?xml version="1.0" encoding="UTF-8"?>
<!-- Generated by org.testng.reporters.JUnitReportReporter -->
<testsuite hostname="Steller" failures="0" tests="5" name="selenium.automation.framework.tests.Login.TestCase03" time="96.664" errors="0" timestamp="2025-11-22T13:50:09 IST" skipped="0">
  <testcase classname="selenium.automation.framework.tests.Login.TestCase03" name="TC03" time="11.209"/>
  <testcase classname="selenium.automation.framework.tests.Login.TestCase03" name="TC03" time="21.202"/>
  <testcase classname="selenium.automation.framework.tests.Login.TestCase03" name="TC03" time="8.811"/>
  <testcase classname="selenium.automation.framework.tests.Login.TestCase03" name="TC03" time="35.561"/>
  <testcase classname="selenium.automation.framework.tests.Login.TestCase03" name="TC03" time="19.881"/>
</testsuite> <!-- selenium.automation.framework.tests.Login.TestCase03 -->
