<?xml version="1.0" encoding="UTF-8"?>
<!-- Generated by org.testng.reporters.JUnitReportReporter -->
<testsuite hostname="Steller" failures="0" tests="10" name="selenium.automation.framework.tests.SignUp.TestCase03" time="344.665" errors="0" timestamp="2025-11-22T13:50:09 IST" skipped="0">
  <testcase classname="selenium.automation.framework.tests.SignUp.TestCase03" name="TC03" time="32.717"/>
  <testcase classname="selenium.automation.framework.tests.SignUp.TestCase03" name="TC03" time="37.356"/>
  <testcase classname="selenium.automation.framework.tests.SignUp.TestCase03" name="TC03" time="11.955"/>
  <testcase classname="selenium.automation.framework.tests.SignUp.TestCase03" name="TC03" time="71.220"/>
  <testcase classname="selenium.automation.framework.tests.SignUp.TestCase03" name="TC03" time="37.053"/>
  <testcase classname="selenium.automation.framework.tests.SignUp.TestCase03" name="TC03" time="10.367"/>
  <testcase classname="selenium.automation.framework.tests.SignUp.TestCase03" name="TC03" time="57.452"/>
  <testcase classname="selenium.automation.framework.tests.SignUp.TestCase03" name="TC03" time="36.251"/>
  <testcase classname="selenium.automation.framework.tests.SignUp.TestCase03" name="TC03" time="11.893"/>
  <testcase classname="selenium.automation.framework.tests.SignUp.TestCase03" name="TC03" time="38.401"/>
</testsuite> <!-- selenium.automation.framework.tests.SignUp.TestCase03 -->
