<?xml version="1.0" encoding="UTF-8"?>
<!-- Generated by org.testng.reporters.JUnitReportReporter -->
<testsuite hostname="Steller" failures="0" tests="1" name="selenium.automation.framework.tests.Features.RelativeLocatorsDemo" time="12.346" errors="0" timestamp="2025-11-22T13:50:09 IST" skipped="0">
  <testcase classname="selenium.automation.framework.tests.Features.RelativeLocatorsDemo" name="testRelativeLocators" time="12.346"/>
</testsuite> <!-- selenium.automation.framework.tests.Features.RelativeLocatorsDemo -->
