<?xml version="1.0" encoding="UTF-8"?>
<testng-results ignored="0" total="1" passed="1" failed="0" skipped="0">
  <reporter-output>
  </reporter-output>
  <suite started-at="2025-11-13T19:59:25 IST" name="Selenium Automation Test Suite" finished-at="2025-11-13T19:59:29 IST" duration-ms="4168">
    <groups>
    </groups>
    <test started-at="2025-11-13T19:59:25 IST" name="Login Test Suite" finished-at="2025-11-13T19:59:29 IST" duration-ms="4168">
      <class name="selenium.automation.framework.tests.SignUp.TestCase01">
        <test-method is-config="true" signature="beforeSuite()[pri:0, instance:selenium.automation.framework.tests.SignUp.TestCase01@2b662a77]" started-at="2025-11-13T19:59:25 IST" name="beforeSuite" finished-at="2025-11-13T19:59:25 IST" duration-ms="138" status="PASS">
          <reporter-output>
          </reporter-output>
        </test-method> <!-- beforeSuite -->
        <test-method is-config="true" signature="beforeMethod(java.lang.reflect.Method)[pri:0, instance:selenium.automation.framework.tests.SignUp.TestCase01@2b662a77]" started-at="2025-11-13T19:59:25 IST" name="beforeMethod" finished-at="2025-11-13T19:59:27 IST" duration-ms="1338" status="PASS">
          <params>
            <param index="0">
              <value>
                <![CDATA[public void selenium.automation.framework.tests.SignUp.TestCase01.TC01()]]>
              </value>
            </param>
          </params>
          <reporter-output>
          </reporter-output>
        </test-method> <!-- beforeMethod -->
        <test-method signature="TC01()[pri:0, instance:selenium.automation.framework.tests.SignUp.TestCase01@2b662a77]" started-at="2025-11-13T19:59:27 IST" name="TC01" finished-at="2025-11-13T19:59:29 IST" duration-ms="2582" status="PASS">
          <reporter-output>
          </reporter-output>
        </test-method> <!-- TC01 -->
        <test-method is-config="true" signature="afterMethod(org.testng.ITestResult)[pri:0, instance:selenium.automation.framework.tests.SignUp.TestCase01@2b662a77]" started-at="2025-11-13T19:59:29 IST" name="afterMethod" finished-at="2025-11-13T19:59:29 IST" duration-ms="219" status="PASS">
          <params>
            <param index="0">
              <value>
                <![CDATA[[TestResult name=TC01 status=SUCCESS method=TestCase01.TC01()[pri:0, instance:selenium.automation.framework.tests.SignUp.TestCase01@2b662a77] output={null}]]]>
              </value>
            </param>
          </params>
          <reporter-output>
          </reporter-output>
        </test-method> <!-- afterMethod -->
        <test-method is-config="true" signature="afterSuite()[pri:0, instance:selenium.automation.framework.tests.SignUp.TestCase01@2b662a77]" started-at="2025-11-13T19:59:29 IST" name="afterSuite" finished-at="2025-11-13T19:59:30 IST" duration-ms="208" status="PASS">
          <reporter-output>
          </reporter-output>
        </test-method> <!-- afterSuite -->
      </class> <!-- selenium.automation.framework.tests.SignUp.TestCase01 -->
    </test> <!-- Login Test Suite -->
  </suite> <!-- Selenium Automation Test Suite -->
</testng-results>
