<?xml version="1.0" encoding="UTF-8"?>
<testng-results ignored="0" total="37" passed="37" failed="0" skipped="0">
  <reporter-output>
  </reporter-output>
  <suite started-at="2025-11-22T13:38:21 IST" name="Selenium Automation Test Suite" finished-at="2025-11-22T13:50:09 IST" duration-ms="707924">
    <groups>
    </groups>
    <test started-at="2025-11-22T13:38:21 IST" name="Sign Up Test Suite" finished-at="2025-11-22T13:44:08 IST" duration-ms="347370">
      <class name="selenium.automation.framework.tests.SignUp.TestCase01">
        <test-method is-config="true" signature="beforeClass()[pri:0, instance:selenium.automation.framework.tests.SignUp.TestCase01@7cc0cdad]" started-at="2025-11-22T13:38:21 IST" name="beforeClass" finished-at="2025-11-22T13:38:21 IST" duration-ms="1" status="PASS">
          <reporter-output>
          </reporter-output>
        </test-method> <!-- beforeClass -->
        <test-method is-config="true" signature="beforeMethod(java.lang.reflect.Method,java.lang.String)[pri:0, instance:selenium.automation.framework.tests.SignUp.TestCase01@7cc0cdad]" started-at="2025-11-22T13:38:21 IST" name="beforeMethod" finished-at="2025-11-22T13:38:24 IST" duration-ms="2904" status="PASS">
          <params>
            <param index="0">
              <value>
                <![CDATA[public void selenium.automation.framework.tests.SignUp.TestCase01.TC01() throws java.io.IOException]]>
              </value>
            </param>
            <param index="1">
              <value>
                <![CDATA[chrome]]>
              </value>
            </param>
          </params>
          <reporter-output>
          </reporter-output>
        </test-method> <!-- beforeMethod -->
        <test-method signature="TC01()[pri:0, instance:selenium.automation.framework.tests.SignUp.TestCase01@7cc0cdad]" started-at="2025-11-22T13:38:24 IST" name="TC01" finished-at="2025-11-22T13:38:31 IST" duration-ms="7707" status="PASS">
          <reporter-output>
          </reporter-output>
        </test-method> <!-- TC01 -->
        <test-method is-config="true" signature="afterMethod(org.testng.ITestResult,java.lang.reflect.Method)[pri:0, instance:selenium.automation.framework.tests.SignUp.TestCase01@7cc0cdad]" started-at="2025-11-22T13:38:31 IST" name="afterMethod" finished-at="2025-11-22T13:38:32 IST" duration-ms="286" status="PASS">
          <params>
            <param index="0">
              <value>
                <![CDATA[[TestResult name=TC01 status=SUCCESS method=TestCase01.TC01()[pri:0, instance:selenium.automation.framework.tests.SignUp.TestCase01@7cc0cdad] output={null}]]]>
              </value>
            </param>
            <param index="1">
              <value>
                <![CDATA[public void selenium.automation.framework.tests.SignUp.TestCase01.TC01() throws java.io.IOException]]>
              </value>
            </param>
          </params>
          <reporter-output>
          </reporter-output>
        </test-method> <!-- afterMethod -->
        <test-method is-config="true" signature="afterClass()[pri:0, instance:selenium.automation.framework.tests.SignUp.TestCase01@7cc0cdad]" started-at="2025-11-22T13:38:32 IST" name="afterClass" finished-at="2025-11-22T13:38:32 IST" duration-ms="225" status="PASS">
          <reporter-output>
          </reporter-output>
        </test-method> <!-- afterClass -->
      </class> <!-- selenium.automation.framework.tests.SignUp.TestCase01 -->
      <class name="selenium.automation.framework.tests.SignUp.TestCase03">
        <test-method is-config="true" signature="beforeClass()[pri:0, instance:selenium.automation.framework.tests.SignUp.TestCase03@7b2bbc3]" started-at="2025-11-22T13:38:21 IST" name="beforeClass" finished-at="2025-11-22T13:38:21 IST" duration-ms="1" status="PASS">
          <reporter-output>
          </reporter-output>
        </test-method> <!-- beforeClass -->
        <test-method is-config="true" signature="beforeMethod(java.lang.reflect.Method,java.lang.String)[pri:0, instance:selenium.automation.framework.tests.SignUp.TestCase03@7b2bbc3]" started-at="2025-11-22T13:38:23 IST" name="beforeMethod" finished-at="2025-11-22T13:38:25 IST" duration-ms="1604" status="PASS">
          <params>
            <param index="0">
              <value>
                <![CDATA[public void selenium.automation.framework.tests.SignUp.TestCase03.TC03(java.lang.String,java.lang.String,java.lang.String,java.lang.String,java.lang.String,java.lang.String,java.lang.String,java.lang.String,java.lang.String,java.lang.String,java.lang.String,java.lang.String,java.lang.String,java.lang.String,java.lang.String,java.lang.String,java.lang.String)]]>
              </value>
            </param>
            <param index="1">
              <value>
                <![CDATA[chrome]]>
              </value>
            </param>
          </params>
          <reporter-output>
          </reporter-output>
        </test-method> <!-- beforeMethod -->
        <test-method signature="TC03(java.lang.String,java.lang.String,java.lang.String,java.lang.String,java.lang.String,java.lang.String,java.lang.String,java.lang.String,java.lang.String,java.lang.String,java.lang.String,java.lang.String,java.lang.String,java.lang.String,java.lang.String,java.lang.String,java.lang.String)[pri:0, instance:selenium.automation.framework.tests.SignUp.TestCase03@7b2bbc3]" started-at="2025-11-22T13:38:25 IST" name="TC03" data-provider="excelDataProvider" finished-at="2025-11-22T13:39:00 IST" duration-ms="35378" status="PASS">
          <params>
            <param index="0">
              <value>
                <![CDATA[REG-03]]>
              </value>
            </param>
            <param index="1">
              <value>
                <![CDATA[Mr]]>
              </value>
            </param>
            <param index="2">
              <value>
                <![CDATA[John Doe]]>
              </value>
            </param>
            <param index="3">
              <value>
                <![CDATA[john.doe+test1@example.com]]>
              </value>
            </param>
            <param index="4">
              <value>
                <![CDATA[Passw0rd!]]>
              </value>
            </param>
            <param index="5">
              <value>
                <![CDATA[1990-05-15]]>
              </value>
            </param>
            <param index="6">
              <value>
                <![CDATA[John]]>
              </value>
            </param>
            <param index="7">
              <value>
                <![CDATA[Doe]]>
              </value>
            </param>
            <param index="8">
              <value>
                <![CDATA[Acme Corp]]>
              </value>
            </param>
            <param index="9">
              <value>
                <![CDATA[123 Main St]]>
              </value>
            </param>
            <param index="10">
              <value>
                <![CDATA[Apt 4B]]>
              </value>
            </param>
            <param index="11">
              <value>
                <![CDATA[United States]]>
              </value>
            </param>
            <param index="12">
              <value>
                <![CDATA[California]]>
              </value>
            </param>
            <param index="13">
              <value>
                <![CDATA[Los Angeles]]>
              </value>
            </param>
            <param index="14">
              <value>
                <![CDATA[90001]]>
              </value>
            </param>
            <param index="15">
              <value>
                <![CDATA[+1-310-555-0101]]>
              </value>
            </param>
            <param index="16">
              <value>
                <![CDATA[Success]]>
              </value>
            </param>
          </params>
          <reporter-output>
          </reporter-output>
        </test-method> <!-- TC03 -->
        <test-method is-config="true" signature="afterMethod(org.testng.ITestResult,java.lang.reflect.Method)[pri:0, instance:selenium.automation.framework.tests.SignUp.TestCase03@7b2bbc3]" started-at="2025-11-22T13:39:00 IST" name="afterMethod" finished-at="2025-11-22T13:39:01 IST" duration-ms="318" status="PASS">
          <params>
            <param index="0">
              <value>
                <![CDATA[[TestResult name=TC03 status=SUCCESS method=TestCase03.TC03(java.lang.String,java.lang.String,java.lang.String,java.lang.String,java.lang.String,java.lang.String,java.lang.String,java.lang.String,java.lang.String,java.lang.String,java.lang.String,java.lang.String,java.lang.String,java.lang.String,java.lang.String,java.lang.String,java.lang.String)[pri:0, instance:selenium.automation.framework.tests.SignUp.TestCase03@7b2bbc3] output={null}]]]>
              </value>
            </param>
            <param index="1">
              <value>
                <![CDATA[public void selenium.automation.framework.tests.SignUp.TestCase03.TC03(java.lang.String,java.lang.String,java.lang.String,java.lang.String,java.lang.String,java.lang.String,java.lang.String,java.lang.String,java.lang.String,java.lang.String,java.lang.String,java.lang.String,java.lang.String,java.lang.String,java.lang.String,java.lang.String,java.lang.String)]]>
              </value>
            </param>
          </params>
          <reporter-output>
          </reporter-output>
        </test-method> <!-- afterMethod -->
        <test-method is-config="true" signature="beforeMethod(java.lang.reflect.Method,java.lang.String)[pri:0, instance:selenium.automation.framework.tests.SignUp.TestCase03@7b2bbc3]" started-at="2025-11-22T13:39:01 IST" name="beforeMethod" finished-at="2025-11-22T13:39:02 IST" duration-ms="1311" status="PASS">
          <params>
            <param index="0">
              <value>
                <![CDATA[public void selenium.automation.framework.tests.SignUp.TestCase03.TC03(java.lang.String,java.lang.String,java.lang.String,java.lang.String,java.lang.String,java.lang.String,java.lang.String,java.lang.String,java.lang.String,java.lang.String,java.lang.String,java.lang.String,java.lang.String,java.lang.String,java.lang.String,java.lang.String,java.lang.String)]]>
              </value>
            </param>
            <param index="1">
              <value>
                <![CDATA[chrome]]>
              </value>
            </param>
          </params>
          <reporter-output>
          </reporter-output>
        </test-method> <!-- beforeMethod -->
        <test-method signature="TC03(java.lang.String,java.lang.String,java.lang.String,java.lang.String,java.lang.String,java.lang.String,java.lang.String,java.lang.String,java.lang.String,java.lang.String,java.lang.String,java.lang.String,java.lang.String,java.lang.String,java.lang.String,java.lang.String,java.lang.String)[pri:0, instance:selenium.automation.framework.tests.SignUp.TestCase03@7b2bbc3]" started-at="2025-11-22T13:39:02 IST" name="TC03" data-provider="excelDataProvider" finished-at="2025-11-22T13:39:39 IST" duration-ms="36681" status="PASS">
          <params>
            <param index="0">
              <value>
                <![CDATA[REG-04]]>
              </value>
            </param>
            <param index="1">
              <value>
                <![CDATA[Mrs]]>
              </value>
            </param>
            <param index="2">
              <value>
                <![CDATA[Priya Sharma]]>
              </value>
            </param>
            <param index="3">
              <value>
                <![CDATA[priya.sharma@example.co.in]]>
              </value>
            </param>
            <param index="4">
              <value>
                <![CDATA[P@ss1234]]>
              </value>
            </param>
            <param index="5">
              <value>
                <![CDATA[1995-12-01]]>
              </value>
            </param>
            <param index="6">
              <value>
                <![CDATA[Priya]]>
              </value>
            </param>
            <param index="7">
              <value>
                <![CDATA[Sharma]]>
              </value>
            </param>
            <param index="8">
              <value>
                <![CDATA[]]>
              </value>
            </param>
            <param index="9">
              <value>
                <![CDATA[45 MG Road]]>
              </value>
            </param>
            <param index="10">
              <value>
                <![CDATA[]]>
              </value>
            </param>
            <param index="11">
              <value>
                <![CDATA[India]]>
              </value>
            </param>
            <param index="12">
              <value>
                <![CDATA[Maharashtra]]>
              </value>
            </param>
            <param index="13">
              <value>
                <![CDATA[Mumbai]]>
              </value>
            </param>
            <param index="14">
              <value>
                <![CDATA[400001]]>
              </value>
            </param>
            <param index="15">
              <value>
                <![CDATA[+91-9876543210]]>
              </value>
            </param>
            <param index="16">
              <value>
                <![CDATA[Success]]>
              </value>
            </param>
          </params>
          <reporter-output>
          </reporter-output>
        </test-method> <!-- TC03 -->
        <test-method is-config="true" signature="afterMethod(org.testng.ITestResult,java.lang.reflect.Method)[pri:0, instance:selenium.automation.framework.tests.SignUp.TestCase03@7b2bbc3]" started-at="2025-11-22T13:39:39 IST" name="afterMethod" finished-at="2025-11-22T13:39:39 IST" duration-ms="364" status="PASS">
          <params>
            <param index="0">
              <value>
                <![CDATA[[TestResult name=TC03 status=SUCCESS method=TestCase03.TC03(java.lang.String,java.lang.String,java.lang.String,java.lang.String,java.lang.String,java.lang.String,java.lang.String,java.lang.String,java.lang.String,java.lang.String,java.lang.String,java.lang.String,java.lang.String,java.lang.String,java.lang.String,java.lang.String,java.lang.String)[pri:0, instance:selenium.automation.framework.tests.SignUp.TestCase03@7b2bbc3] output={null}]]]>
              </value>
            </param>
            <param index="1">
              <value>
                <![CDATA[public void selenium.automation.framework.tests.SignUp.TestCase03.TC03(java.lang.String,java.lang.String,java.lang.String,java.lang.String,java.lang.String,java.lang.String,java.lang.String,java.lang.String,java.lang.String,java.lang.String,java.lang.String,java.lang.String,java.lang.String,java.lang.String,java.lang.String,java.lang.String,java.lang.String)]]>
              </value>
            </param>
          </params>
          <reporter-output>
          </reporter-output>
        </test-method> <!-- afterMethod -->
        <test-method is-config="true" signature="beforeMethod(java.lang.reflect.Method,java.lang.String)[pri:0, instance:selenium.automation.framework.tests.SignUp.TestCase03@7b2bbc3]" started-at="2025-11-22T13:39:39 IST" name="beforeMethod" finished-at="2025-11-22T13:39:40 IST" duration-ms="1429" status="PASS">
          <params>
            <param index="0">
              <value>
                <![CDATA[public void selenium.automation.framework.tests.SignUp.TestCase03.TC03(java.lang.String,java.lang.String,java.lang.String,java.lang.String,java.lang.String,java.lang.String,java.lang.String,java.lang.String,java.lang.String,java.lang.String,java.lang.String,java.lang.String,java.lang.String,java.lang.String,java.lang.String,java.lang.String,java.lang.String)]]>
              </value>
            </param>
            <param index="1">
              <value>
                <![CDATA[chrome]]>
              </value>
            </param>
          </params>
          <reporter-output>
          </reporter-output>
        </test-method> <!-- beforeMethod -->
        <test-method signature="TC03(java.lang.String,java.lang.String,java.lang.String,java.lang.String,java.lang.String,java.lang.String,java.lang.String,java.lang.String,java.lang.String,java.lang.String,java.lang.String,java.lang.String,java.lang.String,java.lang.String,java.lang.String,java.lang.String,java.lang.String)[pri:0, instance:selenium.automation.framework.tests.SignUp.TestCase03@7b2bbc3]" started-at="2025-11-22T13:39:40 IST" name="TC03" data-provider="excelDataProvider" finished-at="2025-11-22T13:40:50 IST" duration-ms="69588" status="PASS">
          <params>
            <param index="0">
              <value>
                <![CDATA[REG-05]]>
              </value>
            </param>
            <param index="1">
              <value>
                <![CDATA[Mr]]>
              </value>
            </param>
            <param index="2">
              <value>
                <![CDATA[A User With A Very Long Name That Exceeds Typical Limits]]>
              </value>
            </param>
            <param index="3">
              <value>
                <![CDATA[longname.user@example.com]]>
              </value>
            </param>
            <param index="4">
              <value>
                <![CDATA[LongPass123!]]>
              </value>
            </param>
            <param index="5">
              <value>
                <![CDATA[1980-07-07]]>
              </value>
            </param>
            <param index="6">
              <value>
                <![CDATA[AUserWithVeryLongFirstNameExceedingLimits]]>
              </value>
            </param>
            <param index="7">
              <value>
                <![CDATA[LastNameAlsoVeryLong]]>
              </value>
            </param>
            <param index="8">
              <value>
                <![CDATA[BigCompany Inc.]]>
              </value>
            </param>
            <param index="9">
              <value>
                <![CDATA[100 Long Street Name That Is Unusually Long For An Address Field]]>
              </value>
            </param>
            <param index="10">
              <value>
                <![CDATA[]]>
              </value>
            </param>
            <param index="11">
              <value>
                <![CDATA[United Kingdom]]>
              </value>
            </param>
            <param index="12">
              <value>
                <![CDATA[]]>
              </value>
            </param>
            <param index="13">
              <value>
                <![CDATA[London]]>
              </value>
            </param>
            <param index="14">
              <value>
                <![CDATA[EC1A1BB]]>
              </value>
            </param>
            <param index="15">
              <value>
                <![CDATA[+44-7700-900000]]>
              </value>
            </param>
            <param index="16">
              <value>
                <![CDATA[Check field truncation/validation]]>
              </value>
            </param>
          </params>
          <reporter-output>
          </reporter-output>
        </test-method> <!-- TC03 -->
        <test-method is-config="true" signature="afterMethod(org.testng.ITestResult,java.lang.reflect.Method)[pri:0, instance:selenium.automation.framework.tests.SignUp.TestCase03@7b2bbc3]" started-at="2025-11-22T13:40:50 IST" name="afterMethod" finished-at="2025-11-22T13:40:50 IST" duration-ms="445" status="PASS">
          <params>
            <param index="0">
              <value>
                <![CDATA[[TestResult name=TC03 status=SUCCESS method=TestCase03.TC03(java.lang.String,java.lang.String,java.lang.String,java.lang.String,java.lang.String,java.lang.String,java.lang.String,java.lang.String,java.lang.String,java.lang.String,java.lang.String,java.lang.String,java.lang.String,java.lang.String,java.lang.String,java.lang.String,java.lang.String)[pri:0, instance:selenium.automation.framework.tests.SignUp.TestCase03@7b2bbc3] output={null}]]]>
              </value>
            </param>
            <param index="1">
              <value>
                <![CDATA[public void selenium.automation.framework.tests.SignUp.TestCase03.TC03(java.lang.String,java.lang.String,java.lang.String,java.lang.String,java.lang.String,java.lang.String,java.lang.String,java.lang.String,java.lang.String,java.lang.String,java.lang.String,java.lang.String,java.lang.String,java.lang.String,java.lang.String,java.lang.String,java.lang.String)]]>
              </value>
            </param>
          </params>
          <reporter-output>
          </reporter-output>
        </test-method> <!-- afterMethod -->
        <test-method is-config="true" signature="beforeMethod(java.lang.reflect.Method,java.lang.String)[pri:0, instance:selenium.automation.framework.tests.SignUp.TestCase03@7b2bbc3]" started-at="2025-11-22T13:40:50 IST" name="beforeMethod" finished-at="2025-11-22T13:40:52 IST" duration-ms="1422" status="PASS">
          <params>
            <param index="0">
              <value>
                <![CDATA[public void selenium.automation.framework.tests.SignUp.TestCase03.TC03(java.lang.String,java.lang.String,java.lang.String,java.lang.String,java.lang.String,java.lang.String,java.lang.String,java.lang.String,java.lang.String,java.lang.String,java.lang.String,java.lang.String,java.lang.String,java.lang.String,java.lang.String,java.lang.String,java.lang.String)]]>
              </value>
            </param>
            <param index="1">
              <value>
                <![CDATA[chrome]]>
              </value>
            </param>
          </params>
          <reporter-output>
          </reporter-output>
        </test-method> <!-- beforeMethod -->
        <test-method signature="TC03(java.lang.String,java.lang.String,java.lang.String,java.lang.String,java.lang.String,java.lang.String,java.lang.String,java.lang.String,java.lang.String,java.lang.String,java.lang.String,java.lang.String,java.lang.String,java.lang.String,java.lang.String,java.lang.String,java.lang.String)[pri:0, instance:selenium.automation.framework.tests.SignUp.TestCase03@7b2bbc3]" started-at="2025-11-22T13:40:52 IST" name="TC03" data-provider="excelDataProvider" finished-at="2025-11-22T13:41:23 IST" duration-ms="31008" status="PASS">
          <params>
            <param index="0">
              <value>
                <![CDATA[REG-06]]>
              </value>
            </param>
            <param index="1">
              <value>
                <![CDATA[]]>
              </value>
            </param>
            <param index="2">
              <value>
                <![CDATA[NoTitle User]]>
              </value>
            </param>
            <param index="3">
              <value>
                <![CDATA[notitleuser@example.com]]>
              </value>
            </param>
            <param index="4">
              <value>
                <![CDATA[pwd]]>
              </value>
            </param>
            <param index="5">
              <value>
                <![CDATA[2003-01-01]]>
              </value>
            </param>
            <param index="6">
              <value>
                <![CDATA[NoTitle]]>
              </value>
            </param>
            <param index="7">
              <value>
                <![CDATA[User]]>
              </value>
            </param>
            <param index="8">
              <value>
                <![CDATA[]]>
              </value>
            </param>
            <param index="9">
              <value>
                <![CDATA[]]>
              </value>
            </param>
            <param index="10">
              <value>
                <![CDATA[]]>
              </value>
            </param>
            <param index="11">
              <value>
                <![CDATA[]]>
              </value>
            </param>
            <param index="12">
              <value>
                <![CDATA[]]>
              </value>
            </param>
            <param index="13">
              <value>
                <![CDATA[]]>
              </value>
            </param>
            <param index="14">
              <value>
                <![CDATA[]]>
              </value>
            </param>
            <param index="15">
              <value>
                <![CDATA[]]>
              </value>
            </param>
            <param index="16">
              <value>
                <![CDATA[Fail - weak password/missing required fields]]>
              </value>
            </param>
          </params>
          <reporter-output>
          </reporter-output>
        </test-method> <!-- TC03 -->
        <test-method is-config="true" signature="afterMethod(org.testng.ITestResult,java.lang.reflect.Method)[pri:0, instance:selenium.automation.framework.tests.SignUp.TestCase03@7b2bbc3]" started-at="2025-11-22T13:41:23 IST" name="afterMethod" finished-at="2025-11-22T13:41:23 IST" duration-ms="383" status="PASS">
          <params>
            <param index="0">
              <value>
                <![CDATA[[TestResult name=TC03 status=SUCCESS method=TestCase03.TC03(java.lang.String,java.lang.String,java.lang.String,java.lang.String,java.lang.String,java.lang.String,java.lang.String,java.lang.String,java.lang.String,java.lang.String,java.lang.String,java.lang.String,java.lang.String,java.lang.String,java.lang.String,java.lang.String,java.lang.String)[pri:0, instance:selenium.automation.framework.tests.SignUp.TestCase03@7b2bbc3] output={null}]]]>
              </value>
            </param>
            <param index="1">
              <value>
                <![CDATA[public void selenium.automation.framework.tests.SignUp.TestCase03.TC03(java.lang.String,java.lang.String,java.lang.String,java.lang.String,java.lang.String,java.lang.String,java.lang.String,java.lang.String,java.lang.String,java.lang.String,java.lang.String,java.lang.String,java.lang.String,java.lang.String,java.lang.String,java.lang.String,java.lang.String)]]>
              </value>
            </param>
          </params>
          <reporter-output>
          </reporter-output>
        </test-method> <!-- afterMethod -->
        <test-method is-config="true" signature="beforeMethod(java.lang.reflect.Method,java.lang.String)[pri:0, instance:selenium.automation.framework.tests.SignUp.TestCase03@7b2bbc3]" started-at="2025-11-22T13:41:23 IST" name="beforeMethod" finished-at="2025-11-22T13:41:25 IST" duration-ms="1354" status="PASS">
          <params>
            <param index="0">
              <value>
                <![CDATA[public void selenium.automation.framework.tests.SignUp.TestCase03.TC03(java.lang.String,java.lang.String,java.lang.String,java.lang.String,java.lang.String,java.lang.String,java.lang.String,java.lang.String,java.lang.String,java.lang.String,java.lang.String,java.lang.String,java.lang.String,java.lang.String,java.lang.String,java.lang.String,java.lang.String)]]>
              </value>
            </param>
            <param index="1">
              <value>
                <![CDATA[chrome]]>
              </value>
            </param>
          </params>
          <reporter-output>
          </reporter-output>
        </test-method> <!-- beforeMethod -->
        <test-method signature="TC03(java.lang.String,java.lang.String,java.lang.String,java.lang.String,java.lang.String,java.lang.String,java.lang.String,java.lang.String,java.lang.String,java.lang.String,java.lang.String,java.lang.String,java.lang.String,java.lang.String,java.lang.String,java.lang.String,java.lang.String)[pri:0, instance:selenium.automation.framework.tests.SignUp.TestCase03@7b2bbc3]" started-at="2025-11-22T13:41:25 IST" name="TC03" data-provider="excelDataProvider" finished-at="2025-11-22T13:41:33 IST" duration-ms="8448" status="PASS">
          <params>
            <param index="0">
              <value>
                <![CDATA[REG-07]]>
              </value>
            </param>
            <param index="1">
              <value>
                <![CDATA[Ms]]>
              </value>
            </param>
            <param index="2">
              <value>
                <![CDATA[Invalid Email]]>
              </value>
            </param>
            <param index="3">
              <value>
                <![CDATA[invalid-email-format]]>
              </value>
            </param>
            <param index="4">
              <value>
                <![CDATA[ValidPass1!]]>
              </value>
            </param>
            <param index="5">
              <value>
                <![CDATA[1992-03-03]]>
              </value>
            </param>
            <param index="6">
              <value>
                <![CDATA[Invalid]]>
              </value>
            </param>
            <param index="7">
              <value>
                <![CDATA[Email]]>
              </value>
            </param>
            <param index="8">
              <value>
                <![CDATA[]]>
              </value>
            </param>
            <param index="9">
              <value>
                <![CDATA[10 Example Ln]]>
              </value>
            </param>
            <param index="10">
              <value>
                <![CDATA[]]>
              </value>
            </param>
            <param index="11">
              <value>
                <![CDATA[Canada]]>
              </value>
            </param>
            <param index="12">
              <value>
                <![CDATA[Ontario]]>
              </value>
            </param>
            <param index="13">
              <value>
                <![CDATA[Toronto]]>
              </value>
            </param>
            <param index="14">
              <value>
                <![CDATA[M5H2N2]]>
              </value>
            </param>
            <param index="15">
              <value>
                <![CDATA[+1-416-555-0202]]>
              </value>
            </param>
            <param index="16">
              <value>
                <![CDATA[Fail - invalid email]]>
              </value>
            </param>
          </params>
          <reporter-output>
          </reporter-output>
        </test-method> <!-- TC03 -->
        <test-method is-config="true" signature="afterMethod(org.testng.ITestResult,java.lang.reflect.Method)[pri:0, instance:selenium.automation.framework.tests.SignUp.TestCase03@7b2bbc3]" started-at="2025-11-22T13:41:33 IST" name="afterMethod" finished-at="2025-11-22T13:41:33 IST" duration-ms="315" status="PASS">
          <params>
            <param index="0">
              <value>
                <![CDATA[[TestResult name=TC03 status=SUCCESS method=TestCase03.TC03(java.lang.String,java.lang.String,java.lang.String,java.lang.String,java.lang.String,java.lang.String,java.lang.String,java.lang.String,java.lang.String,java.lang.String,java.lang.String,java.lang.String,java.lang.String,java.lang.String,java.lang.String,java.lang.String,java.lang.String)[pri:0, instance:selenium.automation.framework.tests.SignUp.TestCase03@7b2bbc3] output={null}]]]>
              </value>
            </param>
            <param index="1">
              <value>
                <![CDATA[public void selenium.automation.framework.tests.SignUp.TestCase03.TC03(java.lang.String,java.lang.String,java.lang.String,java.lang.String,java.lang.String,java.lang.String,java.lang.String,java.lang.String,java.lang.String,java.lang.String,java.lang.String,java.lang.String,java.lang.String,java.lang.String,java.lang.String,java.lang.String,java.lang.String)]]>
              </value>
            </param>
          </params>
          <reporter-output>
          </reporter-output>
        </test-method> <!-- afterMethod -->
        <test-method is-config="true" signature="beforeMethod(java.lang.reflect.Method,java.lang.String)[pri:0, instance:selenium.automation.framework.tests.SignUp.TestCase03@7b2bbc3]" started-at="2025-11-22T13:41:33 IST" name="beforeMethod" finished-at="2025-11-22T13:41:35 IST" duration-ms="1410" status="PASS">
          <params>
            <param index="0">
              <value>
                <![CDATA[public void selenium.automation.framework.tests.SignUp.TestCase03.TC03(java.lang.String,java.lang.String,java.lang.String,java.lang.String,java.lang.String,java.lang.String,java.lang.String,java.lang.String,java.lang.String,java.lang.String,java.lang.String,java.lang.String,java.lang.String,java.lang.String,java.lang.String,java.lang.String,java.lang.String)]]>
              </value>
            </param>
            <param index="1">
              <value>
                <![CDATA[chrome]]>
              </value>
            </param>
          </params>
          <reporter-output>
          </reporter-output>
        </test-method> <!-- beforeMethod -->
        <test-method signature="TC03(java.lang.String,java.lang.String,java.lang.String,java.lang.String,java.lang.String,java.lang.String,java.lang.String,java.lang.String,java.lang.String,java.lang.String,java.lang.String,java.lang.String,java.lang.String,java.lang.String,java.lang.String,java.lang.String,java.lang.String)[pri:0, instance:selenium.automation.framework.tests.SignUp.TestCase03@7b2bbc3]" started-at="2025-11-22T13:41:35 IST" name="TC03" data-provider="excelDataProvider" finished-at="2025-11-22T13:42:10 IST" duration-ms="35446" status="PASS">
          <params>
            <param index="0">
              <value>
                <![CDATA[REG-08]]>
              </value>
            </param>
            <param index="1">
              <value>
                <![CDATA[Mx]]>
              </value>
            </param>
            <param index="2">
              <value>
                <![CDATA[Unicode 用户]]>
              </value>
            </param>
            <param index="3">
              <value>
                <![CDATA[unicode.user@example.com]]>
              </value>
            </param>
            <param index="4">
              <value>
                <![CDATA[Un1c0de!]]>
              </value>
            </param>
            <param index="5">
              <value>
                <![CDATA[1998-09-09]]>
              </value>
            </param>
            <param index="6">
              <value>
                <![CDATA[用户]]>
              </value>
            </param>
            <param index="7">
              <value>
                <![CDATA[测试]]>
              </value>
            </param>
            <param index="8">
              <value>
                <![CDATA[测试公司]]>
              </value>
            </param>
            <param index="9">
              <value>
                <![CDATA[No.1 测试路]]>
              </value>
            </param>
            <param index="10">
              <value>
                <![CDATA[]]>
              </value>
            </param>
            <param index="11">
              <value>
                <![CDATA[China]]>
              </value>
            </param>
            <param index="12">
              <value>
                <![CDATA[Beijing]]>
              </value>
            </param>
            <param index="13">
              <value>
                <![CDATA[Beijing]]>
              </value>
            </param>
            <param index="14">
              <value>
                <![CDATA[100000]]>
              </value>
            </param>
            <param index="15">
              <value>
                <![CDATA[+86-10-55550000]]>
              </value>
            </param>
            <param index="16">
              <value>
                <![CDATA[Success - unicode support]]>
              </value>
            </param>
          </params>
          <reporter-output>
          </reporter-output>
        </test-method> <!-- TC03 -->
        <test-method is-config="true" signature="afterMethod(org.testng.ITestResult,java.lang.reflect.Method)[pri:0, instance:selenium.automation.framework.tests.SignUp.TestCase03@7b2bbc3]" started-at="2025-11-22T13:42:10 IST" name="afterMethod" finished-at="2025-11-22T13:42:11 IST" duration-ms="280" status="PASS">
          <params>
            <param index="0">
              <value>
                <![CDATA[[TestResult name=TC03 status=SUCCESS method=TestCase03.TC03(java.lang.String,java.lang.String,java.lang.String,java.lang.String,java.lang.String,java.lang.String,java.lang.String,java.lang.String,java.lang.String,java.lang.String,java.lang.String,java.lang.String,java.lang.String,java.lang.String,java.lang.String,java.lang.String,java.lang.String)[pri:0, instance:selenium.automation.framework.tests.SignUp.TestCase03@7b2bbc3] output={null}]]]>
              </value>
            </param>
            <param index="1">
              <value>
                <![CDATA[public void selenium.automation.framework.tests.SignUp.TestCase03.TC03(java.lang.String,java.lang.String,java.lang.String,java.lang.String,java.lang.String,java.lang.String,java.lang.String,java.lang.String,java.lang.String,java.lang.String,java.lang.String,java.lang.String,java.lang.String,java.lang.String,java.lang.String,java.lang.String,java.lang.String)]]>
              </value>
            </param>
          </params>
          <reporter-output>
          </reporter-output>
        </test-method> <!-- afterMethod -->
        <test-method is-config="true" signature="beforeMethod(java.lang.reflect.Method,java.lang.String)[pri:0, instance:selenium.automation.framework.tests.SignUp.TestCase03@7b2bbc3]" started-at="2025-11-22T13:42:11 IST" name="beforeMethod" finished-at="2025-11-22T13:42:12 IST" duration-ms="1413" status="PASS">
          <params>
            <param index="0">
              <value>
                <![CDATA[public void selenium.automation.framework.tests.SignUp.TestCase03.TC03(java.lang.String,java.lang.String,java.lang.String,java.lang.String,java.lang.String,java.lang.String,java.lang.String,java.lang.String,java.lang.String,java.lang.String,java.lang.String,java.lang.String,java.lang.String,java.lang.String,java.lang.String,java.lang.String,java.lang.String)]]>
              </value>
            </param>
            <param index="1">
              <value>
                <![CDATA[chrome]]>
              </value>
            </param>
          </params>
          <reporter-output>
          </reporter-output>
        </test-method> <!-- beforeMethod -->
        <test-method signature="TC03(java.lang.String,java.lang.String,java.lang.String,java.lang.String,java.lang.String,java.lang.String,java.lang.String,java.lang.String,java.lang.String,java.lang.String,java.lang.String,java.lang.String,java.lang.String,java.lang.String,java.lang.String,java.lang.String,java.lang.String)[pri:0, instance:selenium.automation.framework.tests.SignUp.TestCase03@7b2bbc3]" started-at="2025-11-22T13:42:12 IST" name="TC03" data-provider="excelDataProvider" finished-at="2025-11-22T13:42:46 IST" duration-ms="34484" status="PASS">
          <params>
            <param index="0">
              <value>
                <![CDATA[REG-09]]>
              </value>
            </param>
            <param index="1">
              <value>
                <![CDATA[Mr]]>
              </value>
            </param>
            <param index="2">
              <value>
                <![CDATA[SQLInjection';--]]>
              </value>
            </param>
            <param index="3">
              <value>
                <![CDATA[sql.injection@example.com]]>
              </value>
            </param>
            <param index="4">
              <value>
                <![CDATA[P@ssword1]]>
              </value>
            </param>
            <param index="5">
              <value>
                <![CDATA[1991-11-11]]>
              </value>
            </param>
            <param index="6">
              <value>
                <![CDATA[SQL']]>
              </value>
            </param>
            <param index="7">
              <value>
                <![CDATA[Injection]]>
              </value>
            </param>
            <param index="8">
              <value>
                <![CDATA[', --]]>
              </value>
            </param>
            <param index="9">
              <value>
                <![CDATA[DROP TABLE users;]]>
              </value>
            </param>
            <param index="10">
              <value>
                <![CDATA[]]>
              </value>
            </param>
            <param index="11">
              <value>
                <![CDATA[United States]]>
              </value>
            </param>
            <param index="12">
              <value>
                <![CDATA[New York]]>
              </value>
            </param>
            <param index="13">
              <value>
                <![CDATA[New York]]>
              </value>
            </param>
            <param index="14">
              <value>
                <![CDATA[10001]]>
              </value>
            </param>
            <param index="15">
              <value>
                <![CDATA[+1-212-555-0303]]>
              </value>
            </param>
            <param index="16">
              <value>
                <![CDATA[Fail or sanitized - security test]]>
              </value>
            </param>
          </params>
          <reporter-output>
          </reporter-output>
        </test-method> <!-- TC03 -->
        <test-method is-config="true" signature="afterMethod(org.testng.ITestResult,java.lang.reflect.Method)[pri:0, instance:selenium.automation.framework.tests.SignUp.TestCase03@7b2bbc3]" started-at="2025-11-22T13:42:46 IST" name="afterMethod" finished-at="2025-11-22T13:42:47 IST" duration-ms="256" status="PASS">
          <params>
            <param index="0">
              <value>
                <![CDATA[[TestResult name=TC03 status=SUCCESS method=TestCase03.TC03(java.lang.String,java.lang.String,java.lang.String,java.lang.String,java.lang.String,java.lang.String,java.lang.String,java.lang.String,java.lang.String,java.lang.String,java.lang.String,java.lang.String,java.lang.String,java.lang.String,java.lang.String,java.lang.String,java.lang.String)[pri:0, instance:selenium.automation.framework.tests.SignUp.TestCase03@7b2bbc3] output={null}]]]>
              </value>
            </param>
            <param index="1">
              <value>
                <![CDATA[public void selenium.automation.framework.tests.SignUp.TestCase03.TC03(java.lang.String,java.lang.String,java.lang.String,java.lang.String,java.lang.String,java.lang.String,java.lang.String,java.lang.String,java.lang.String,java.lang.String,java.lang.String,java.lang.String,java.lang.String,java.lang.String,java.lang.String,java.lang.String,java.lang.String)]]>
              </value>
            </param>
          </params>
          <reporter-output>
          </reporter-output>
        </test-method> <!-- afterMethod -->
        <test-method is-config="true" signature="beforeMethod(java.lang.reflect.Method,java.lang.String)[pri:0, instance:selenium.automation.framework.tests.SignUp.TestCase03@7b2bbc3]" started-at="2025-11-22T13:42:47 IST" name="beforeMethod" finished-at="2025-11-22T13:42:48 IST" duration-ms="1455" status="PASS">
          <params>
            <param index="0">
              <value>
                <![CDATA[public void selenium.automation.framework.tests.SignUp.TestCase03.TC03(java.lang.String,java.lang.String,java.lang.String,java.lang.String,java.lang.String,java.lang.String,java.lang.String,java.lang.String,java.lang.String,java.lang.String,java.lang.String,java.lang.String,java.lang.String,java.lang.String,java.lang.String,java.lang.String,java.lang.String)]]>
              </value>
            </param>
            <param index="1">
              <value>
                <![CDATA[chrome]]>
              </value>
            </param>
          </params>
          <reporter-output>
          </reporter-output>
        </test-method> <!-- beforeMethod -->
        <test-method signature="TC03(java.lang.String,java.lang.String,java.lang.String,java.lang.String,java.lang.String,java.lang.String,java.lang.String,java.lang.String,java.lang.String,java.lang.String,java.lang.String,java.lang.String,java.lang.String,java.lang.String,java.lang.String,java.lang.String,java.lang.String)[pri:0, instance:selenium.automation.framework.tests.SignUp.TestCase03@7b2bbc3]" started-at="2025-11-22T13:42:48 IST" name="TC03" data-provider="excelDataProvider" finished-at="2025-11-22T13:42:58 IST" duration-ms="10244" status="PASS">
          <params>
            <param index="0">
              <value>
                <![CDATA[REG-10]]>
              </value>
            </param>
            <param index="1">
              <value>
                <![CDATA[Mrs]]>
              </value>
            </param>
            <param index="2">
              <value>
                <![CDATA[Empty Email]]>
              </value>
            </param>
            <param index="3">
              <value>
                <![CDATA[]]>
              </value>
            </param>
            <param index="4">
              <value>
                <![CDATA[SomePass1!]]>
              </value>
            </param>
            <param index="5">
              <value>
                <![CDATA[1985-06-06]]>
              </value>
            </param>
            <param index="6">
              <value>
                <![CDATA[Empty]]>
              </value>
            </param>
            <param index="7">
              <value>
                <![CDATA[Email]]>
              </value>
            </param>
            <param index="8">
              <value>
                <![CDATA[]]>
              </value>
            </param>
            <param index="9">
              <value>
                <![CDATA[500 Sample Rd]]>
              </value>
            </param>
            <param index="10">
              <value>
                <![CDATA[]]>
              </value>
            </param>
            <param index="11">
              <value>
                <![CDATA[Australia]]>
              </value>
            </param>
            <param index="12">
              <value>
                <![CDATA[NSW]]>
              </value>
            </param>
            <param index="13">
              <value>
                <![CDATA[Sydney]]>
              </value>
            </param>
            <param index="14">
              <value>
                <![CDATA[2000]]>
              </value>
            </param>
            <param index="15">
              <value>
                <![CDATA[+61-2-90000000]]>
              </value>
            </param>
            <param index="16">
              <value>
                <![CDATA[Fail - email required]]>
              </value>
            </param>
          </params>
          <reporter-output>
          </reporter-output>
        </test-method> <!-- TC03 -->
        <test-method is-config="true" signature="afterMethod(org.testng.ITestResult,java.lang.reflect.Method)[pri:0, instance:selenium.automation.framework.tests.SignUp.TestCase03@7b2bbc3]" started-at="2025-11-22T13:42:58 IST" name="afterMethod" finished-at="2025-11-22T13:42:59 IST" duration-ms="366" status="PASS">
          <params>
            <param index="0">
              <value>
                <![CDATA[[TestResult name=TC03 status=SUCCESS method=TestCase03.TC03(java.lang.String,java.lang.String,java.lang.String,java.lang.String,java.lang.String,java.lang.String,java.lang.String,java.lang.String,java.lang.String,java.lang.String,java.lang.String,java.lang.String,java.lang.String,java.lang.String,java.lang.String,java.lang.String,java.lang.String)[pri:0, instance:selenium.automation.framework.tests.SignUp.TestCase03@7b2bbc3] output={null}]]]>
              </value>
            </param>
            <param index="1">
              <value>
                <![CDATA[public void selenium.automation.framework.tests.SignUp.TestCase03.TC03(java.lang.String,java.lang.String,java.lang.String,java.lang.String,java.lang.String,java.lang.String,java.lang.String,java.lang.String,java.lang.String,java.lang.String,java.lang.String,java.lang.String,java.lang.String,java.lang.String,java.lang.String,java.lang.String,java.lang.String)]]>
              </value>
            </param>
          </params>
          <reporter-output>
          </reporter-output>
        </test-method> <!-- afterMethod -->
        <test-method is-config="true" signature="beforeMethod(java.lang.reflect.Method,java.lang.String)[pri:0, instance:selenium.automation.framework.tests.SignUp.TestCase03@7b2bbc3]" started-at="2025-11-22T13:42:59 IST" name="beforeMethod" finished-at="2025-11-22T13:43:00 IST" duration-ms="1441" status="PASS">
          <params>
            <param index="0">
              <value>
                <![CDATA[public void selenium.automation.framework.tests.SignUp.TestCase03.TC03(java.lang.String,java.lang.String,java.lang.String,java.lang.String,java.lang.String,java.lang.String,java.lang.String,java.lang.String,java.lang.String,java.lang.String,java.lang.String,java.lang.String,java.lang.String,java.lang.String,java.lang.String,java.lang.String,java.lang.String)]]>
              </value>
            </param>
            <param index="1">
              <value>
                <![CDATA[chrome]]>
              </value>
            </param>
          </params>
          <reporter-output>
          </reporter-output>
        </test-method> <!-- beforeMethod -->
        <test-method signature="TC03(java.lang.String,java.lang.String,java.lang.String,java.lang.String,java.lang.String,java.lang.String,java.lang.String,java.lang.String,java.lang.String,java.lang.String,java.lang.String,java.lang.String,java.lang.String,java.lang.String,java.lang.String,java.lang.String,java.lang.String)[pri:0, instance:selenium.automation.framework.tests.SignUp.TestCase03@7b2bbc3]" started-at="2025-11-22T13:43:00 IST" name="TC03" data-provider="excelDataProvider" finished-at="2025-11-22T13:43:56 IST" duration-ms="55693" status="PASS">
          <params>
            <param index="0">
              <value>
                <![CDATA[REG-11]]>
              </value>
            </param>
            <param index="1">
              <value>
                <![CDATA[Ms]]>
              </value>
            </param>
            <param index="2">
              <value>
                <![CDATA[Test User]]>
              </value>
            </param>
            <param index="3">
              <value>
                <![CDATA[test.user+signup@example.com]]>
              </value>
            </param>
            <param index="4">
              <value>
                <![CDATA[Complex#1234]]>
              </value>
            </param>
            <param index="5">
              <value>
                <![CDATA[1975-04-20]]>
              </value>
            </param>
            <param index="6">
              <value>
                <![CDATA[Test]]>
              </value>
            </param>
            <param index="7">
              <value>
                <![CDATA[User]]>
              </value>
            </param>
            <param index="8">
              <value>
                <![CDATA[QA Labs]]>
              </value>
            </param>
            <param index="9">
              <value>
                <![CDATA[77 Test Blvd]]>
              </value>
            </param>
            <param index="10">
              <value>
                <![CDATA[Suite 200]]>
              </value>
            </param>
            <param index="11">
              <value>
                <![CDATA[United States]]>
              </value>
            </param>
            <param index="12">
              <value>
                <![CDATA[Texas]]>
              </value>
            </param>
            <param index="13">
              <value>
                <![CDATA[Austin]]>
              </value>
            </param>
            <param index="14">
              <value>
                <![CDATA[73301]]>
              </value>
            </param>
            <param index="15">
              <value>
                <![CDATA[+1-512-555-0404]]>
              </value>
            </param>
            <param index="16">
              <value>
                <![CDATA[Success]]>
              </value>
            </param>
          </params>
          <reporter-output>
          </reporter-output>
        </test-method> <!-- TC03 -->
        <test-method is-config="true" signature="afterMethod(org.testng.ITestResult,java.lang.reflect.Method)[pri:0, instance:selenium.automation.framework.tests.SignUp.TestCase03@7b2bbc3]" started-at="2025-11-22T13:43:56 IST" name="afterMethod" finished-at="2025-11-22T13:43:56 IST" duration-ms="354" status="PASS">
          <params>
            <param index="0">
              <value>
                <![CDATA[[TestResult name=TC03 status=SUCCESS method=TestCase03.TC03(java.lang.String,java.lang.String,java.lang.String,java.lang.String,java.lang.String,java.lang.String,java.lang.String,java.lang.String,java.lang.String,java.lang.String,java.lang.String,java.lang.String,java.lang.String,java.lang.String,java.lang.String,java.lang.String,java.lang.String)[pri:0, instance:selenium.automation.framework.tests.SignUp.TestCase03@7b2bbc3] output={null}]]]>
              </value>
            </param>
            <param index="1">
              <value>
                <![CDATA[public void selenium.automation.framework.tests.SignUp.TestCase03.TC03(java.lang.String,java.lang.String,java.lang.String,java.lang.String,java.lang.String,java.lang.String,java.lang.String,java.lang.String,java.lang.String,java.lang.String,java.lang.String,java.lang.String,java.lang.String,java.lang.String,java.lang.String,java.lang.String,java.lang.String)]]>
              </value>
            </param>
          </params>
          <reporter-output>
          </reporter-output>
        </test-method> <!-- afterMethod -->
        <test-method is-config="true" signature="beforeMethod(java.lang.reflect.Method,java.lang.String)[pri:0, instance:selenium.automation.framework.tests.SignUp.TestCase03@7b2bbc3]" started-at="2025-11-22T13:43:56 IST" name="beforeMethod" finished-at="2025-11-22T13:43:58 IST" duration-ms="1465" status="PASS">
          <params>
            <param index="0">
              <value>
                <![CDATA[public void selenium.automation.framework.tests.SignUp.TestCase03.TC03(java.lang.String,java.lang.String,java.lang.String,java.lang.String,java.lang.String,java.lang.String,java.lang.String,java.lang.String,java.lang.String,java.lang.String,java.lang.String,java.lang.String,java.lang.String,java.lang.String,java.lang.String,java.lang.String,java.lang.String)]]>
              </value>
            </param>
            <param index="1">
              <value>
                <![CDATA[chrome]]>
              </value>
            </param>
          </params>
          <reporter-output>
          </reporter-output>
        </test-method> <!-- beforeMethod -->
        <test-method signature="TC03(java.lang.String,java.lang.String,java.lang.String,java.lang.String,java.lang.String,java.lang.String,java.lang.String,java.lang.String,java.lang.String,java.lang.String,java.lang.String,java.lang.String,java.lang.String,java.lang.String,java.lang.String,java.lang.String,java.lang.String)[pri:0, instance:selenium.automation.framework.tests.SignUp.TestCase03@7b2bbc3]" started-at="2025-11-22T13:43:58 IST" name="TC03" data-provider="excelDataProvider" finished-at="2025-11-22T13:44:08 IST" duration-ms="10088" status="PASS">
          <params>
            <param index="0">
              <value>
                <![CDATA[REG-12]]>
              </value>
            </param>
            <param index="1">
              <value>
                <![CDATA[Mr]]>
              </value>
            </param>
            <param index="2">
              <value>
                <![CDATA[Duplicate Email]]>
              </value>
            </param>
            <param index="3">
              <value>
                <![CDATA[john.doe+test1@example.com]]>
              </value>
            </param>
            <param index="4">
              <value>
                <![CDATA[AnotherPass1!]]>
              </value>
            </param>
            <param index="5">
              <value>
                <![CDATA[1990-05-15]]>
              </value>
            </param>
            <param index="6">
              <value>
                <![CDATA[John]]>
              </value>
            </param>
            <param index="7">
              <value>
                <![CDATA[Duplicate]]>
              </value>
            </param>
            <param index="8">
              <value>
                <![CDATA[Acme Corp]]>
              </value>
            </param>
            <param index="9">
              <value>
                <![CDATA[123 Main St]]>
              </value>
            </param>
            <param index="10">
              <value>
                <![CDATA[]]>
              </value>
            </param>
            <param index="11">
              <value>
                <![CDATA[United States]]>
              </value>
            </param>
            <param index="12">
              <value>
                <![CDATA[California]]>
              </value>
            </param>
            <param index="13">
              <value>
                <![CDATA[Los Angeles]]>
              </value>
            </param>
            <param index="14">
              <value>
                <![CDATA[90001]]>
              </value>
            </param>
            <param index="15">
              <value>
                <![CDATA[+1-310-555-0101]]>
              </value>
            </param>
            <param index="16">
              <value>
                <![CDATA[Fail - duplicate email]]>
              </value>
            </param>
          </params>
          <reporter-output>
          </reporter-output>
        </test-method> <!-- TC03 -->
        <test-method is-config="true" signature="afterMethod(org.testng.ITestResult,java.lang.reflect.Method)[pri:0, instance:selenium.automation.framework.tests.SignUp.TestCase03@7b2bbc3]" started-at="2025-11-22T13:44:08 IST" name="afterMethod" finished-at="2025-11-22T13:44:08 IST" duration-ms="222" status="PASS">
          <params>
            <param index="0">
              <value>
                <![CDATA[[TestResult name=TC03 status=SUCCESS method=TestCase03.TC03(java.lang.String,java.lang.String,java.lang.String,java.lang.String,java.lang.String,java.lang.String,java.lang.String,java.lang.String,java.lang.String,java.lang.String,java.lang.String,java.lang.String,java.lang.String,java.lang.String,java.lang.String,java.lang.String,java.lang.String)[pri:0, instance:selenium.automation.framework.tests.SignUp.TestCase03@7b2bbc3] output={null}]]]>
              </value>
            </param>
            <param index="1">
              <value>
                <![CDATA[public void selenium.automation.framework.tests.SignUp.TestCase03.TC03(java.lang.String,java.lang.String,java.lang.String,java.lang.String,java.lang.String,java.lang.String,java.lang.String,java.lang.String,java.lang.String,java.lang.String,java.lang.String,java.lang.String,java.lang.String,java.lang.String,java.lang.String,java.lang.String,java.lang.String)]]>
              </value>
            </param>
          </params>
          <reporter-output>
          </reporter-output>
        </test-method> <!-- afterMethod -->
        <test-method is-config="true" signature="afterClass()[pri:0, instance:selenium.automation.framework.tests.SignUp.TestCase03@7b2bbc3]" started-at="2025-11-22T13:44:08 IST" name="afterClass" finished-at="2025-11-22T13:44:08 IST" duration-ms="188" status="PASS">
          <reporter-output>
          </reporter-output>
        </test-method> <!-- afterClass -->
      </class> <!-- selenium.automation.framework.tests.SignUp.TestCase03 -->
      <class name="selenium.automation.framework.tests.SignUp.TestCase02">
        <test-method is-config="true" signature="beforeClass()[pri:0, instance:selenium.automation.framework.tests.SignUp.TestCase02@48f2bd5b]" started-at="2025-11-22T13:38:21 IST" name="beforeClass" finished-at="2025-11-22T13:38:21 IST" duration-ms="1" status="PASS">
          <reporter-output>
          </reporter-output>
        </test-method> <!-- beforeClass -->
        <test-method is-config="true" signature="beforeMethod(java.lang.reflect.Method,java.lang.String)[pri:0, instance:selenium.automation.framework.tests.SignUp.TestCase02@48f2bd5b]" started-at="2025-11-22T13:38:21 IST" name="beforeMethod" finished-at="2025-11-22T13:38:24 IST" duration-ms="2904" status="PASS">
          <params>
            <param index="0">
              <value>
                <![CDATA[public void selenium.automation.framework.tests.SignUp.TestCase02.TC02()]]>
              </value>
            </param>
            <param index="1">
              <value>
                <![CDATA[chrome]]>
              </value>
            </param>
          </params>
          <reporter-output>
          </reporter-output>
        </test-method> <!-- beforeMethod -->
        <test-method signature="TC02()[pri:0, instance:selenium.automation.framework.tests.SignUp.TestCase02@48f2bd5b]" started-at="2025-11-22T13:38:24 IST" name="TC02" finished-at="2025-11-22T13:38:30 IST" duration-ms="5989" status="PASS">
          <reporter-output>
          </reporter-output>
        </test-method> <!-- TC02 -->
        <test-method is-config="true" signature="afterMethod(org.testng.ITestResult,java.lang.reflect.Method)[pri:0, instance:selenium.automation.framework.tests.SignUp.TestCase02@48f2bd5b]" started-at="2025-11-22T13:38:30 IST" name="afterMethod" finished-at="2025-11-22T13:38:30 IST" duration-ms="293" status="PASS">
          <params>
            <param index="0">
              <value>
                <![CDATA[[TestResult name=TC02 status=SUCCESS method=TestCase02.TC02()[pri:0, instance:selenium.automation.framework.tests.SignUp.TestCase02@48f2bd5b] output={null}]]]>
              </value>
            </param>
            <param index="1">
              <value>
                <![CDATA[public void selenium.automation.framework.tests.SignUp.TestCase02.TC02()]]>
              </value>
            </param>
          </params>
          <reporter-output>
          </reporter-output>
        </test-method> <!-- afterMethod -->
        <test-method is-config="true" signature="afterClass()[pri:0, instance:selenium.automation.framework.tests.SignUp.TestCase02@48f2bd5b]" started-at="2025-11-22T13:38:30 IST" name="afterClass" finished-at="2025-11-22T13:38:30 IST" duration-ms="281" status="PASS">
          <reporter-output>
          </reporter-output>
        </test-method> <!-- afterClass -->
      </class> <!-- selenium.automation.framework.tests.SignUp.TestCase02 -->
    </test> <!-- Sign Up Test Suite -->
    <test started-at="2025-11-22T13:44:08 IST" name="Login Test Suite" finished-at="2025-11-22T13:45:45 IST" duration-ms="96985">
      <class name="selenium.automation.framework.tests.Login.TestCase02">
        <test-method is-config="true" signature="beforeClass()[pri:0, instance:selenium.automation.framework.tests.Login.TestCase02@327514f]" started-at="2025-11-22T13:44:08 IST" name="beforeClass" finished-at="2025-11-22T13:44:08 IST" duration-ms="0" status="PASS">
          <reporter-output>
          </reporter-output>
        </test-method> <!-- beforeClass -->
        <test-method is-config="true" signature="beforeMethod(java.lang.reflect.Method,java.lang.String)[pri:0, instance:selenium.automation.framework.tests.Login.TestCase02@327514f]" started-at="2025-11-22T13:44:08 IST" name="beforeMethod" finished-at="2025-11-22T13:44:10 IST" duration-ms="1650" status="PASS">
          <params>
            <param index="0">
              <value>
                <![CDATA[public void selenium.automation.framework.tests.Login.TestCase02.TC02()]]>
              </value>
            </param>
            <param index="1">
              <value>
                <![CDATA[chrome]]>
              </value>
            </param>
          </params>
          <reporter-output>
          </reporter-output>
        </test-method> <!-- beforeMethod -->
        <test-method signature="TC02()[pri:0, instance:selenium.automation.framework.tests.Login.TestCase02@327514f]" started-at="2025-11-22T13:44:10 IST" name="TC02" finished-at="2025-11-22T13:44:16 IST" duration-ms="6596" status="PASS">
          <reporter-output>
          </reporter-output>
        </test-method> <!-- TC02 -->
        <test-method is-config="true" signature="afterMethod(org.testng.ITestResult,java.lang.reflect.Method)[pri:0, instance:selenium.automation.framework.tests.Login.TestCase02@327514f]" started-at="2025-11-22T13:44:16 IST" name="afterMethod" finished-at="2025-11-22T13:44:17 IST" duration-ms="339" status="PASS">
          <params>
            <param index="0">
              <value>
                <![CDATA[[TestResult name=TC02 status=SUCCESS method=TestCase02.TC02()[pri:0, instance:selenium.automation.framework.tests.Login.TestCase02@327514f] output={null}]]]>
              </value>
            </param>
            <param index="1">
              <value>
                <![CDATA[public void selenium.automation.framework.tests.Login.TestCase02.TC02()]]>
              </value>
            </param>
          </params>
          <reporter-output>
          </reporter-output>
        </test-method> <!-- afterMethod -->
        <test-method is-config="true" signature="afterClass()[pri:0, instance:selenium.automation.framework.tests.Login.TestCase02@327514f]" started-at="2025-11-22T13:44:17 IST" name="afterClass" finished-at="2025-11-22T13:44:17 IST" duration-ms="249" status="PASS">
          <reporter-output>
          </reporter-output>
        </test-method> <!-- afterClass -->
      </class> <!-- selenium.automation.framework.tests.Login.TestCase02 -->
      <class name="selenium.automation.framework.tests.Login.TestCase01">
        <test-method is-config="true" signature="beforeClass()[pri:0, instance:selenium.automation.framework.tests.Login.TestCase01@4c402120]" started-at="2025-11-22T13:44:08 IST" name="beforeClass" finished-at="2025-11-22T13:44:08 IST" duration-ms="0" status="PASS">
          <reporter-output>
          </reporter-output>
        </test-method> <!-- beforeClass -->
        <test-method is-config="true" signature="beforeMethod(java.lang.reflect.Method,java.lang.String)[pri:0, instance:selenium.automation.framework.tests.Login.TestCase01@4c402120]" started-at="2025-11-22T13:44:08 IST" name="beforeMethod" finished-at="2025-11-22T13:44:10 IST" duration-ms="1656" status="PASS">
          <params>
            <param index="0">
              <value>
                <![CDATA[public void selenium.automation.framework.tests.Login.TestCase01.TC01() throws java.io.IOException]]>
              </value>
            </param>
            <param index="1">
              <value>
                <![CDATA[chrome]]>
              </value>
            </param>
          </params>
          <reporter-output>
          </reporter-output>
        </test-method> <!-- beforeMethod -->
        <test-method signature="TC01()[pri:0, instance:selenium.automation.framework.tests.Login.TestCase01@4c402120]" started-at="2025-11-22T13:44:10 IST" name="TC01" finished-at="2025-11-22T13:44:21 IST" duration-ms="10718" status="PASS">
          <reporter-output>
          </reporter-output>
        </test-method> <!-- TC01 -->
        <test-method is-config="true" signature="afterMethod(org.testng.ITestResult,java.lang.reflect.Method)[pri:0, instance:selenium.automation.framework.tests.Login.TestCase01@4c402120]" started-at="2025-11-22T13:44:21 IST" name="afterMethod" finished-at="2025-11-22T13:44:21 IST" duration-ms="371" status="PASS">
          <params>
            <param index="0">
              <value>
                <![CDATA[[TestResult name=TC01 status=SUCCESS method=TestCase01.TC01()[pri:0, instance:selenium.automation.framework.tests.Login.TestCase01@4c402120] output={null}]]]>
              </value>
            </param>
            <param index="1">
              <value>
                <![CDATA[public void selenium.automation.framework.tests.Login.TestCase01.TC01() throws java.io.IOException]]>
              </value>
            </param>
          </params>
          <reporter-output>
          </reporter-output>
        </test-method> <!-- afterMethod -->
        <test-method is-config="true" signature="afterClass()[pri:0, instance:selenium.automation.framework.tests.Login.TestCase01@4c402120]" started-at="2025-11-22T13:44:21 IST" name="afterClass" finished-at="2025-11-22T13:44:21 IST" duration-ms="244" status="PASS">
          <reporter-output>
          </reporter-output>
        </test-method> <!-- afterClass -->
      </class> <!-- selenium.automation.framework.tests.Login.TestCase01 -->
      <class name="selenium.automation.framework.tests.Login.TestCase03">
        <test-method is-config="true" signature="beforeClass()[pri:0, instance:selenium.automation.framework.tests.Login.TestCase03@5b12b668]" started-at="2025-11-22T13:44:08 IST" name="beforeClass" finished-at="2025-11-22T13:44:08 IST" duration-ms="0" status="PASS">
          <reporter-output>
          </reporter-output>
        </test-method> <!-- beforeClass -->
        <test-method is-config="true" signature="beforeMethod(java.lang.reflect.Method,java.lang.String)[pri:0, instance:selenium.automation.framework.tests.Login.TestCase03@5b12b668]" started-at="2025-11-22T13:44:08 IST" name="beforeMethod" finished-at="2025-11-22T13:44:10 IST" duration-ms="1816" status="PASS">
          <params>
            <param index="0">
              <value>
                <![CDATA[public void selenium.automation.framework.tests.Login.TestCase03.TC03(java.lang.String,java.lang.String,java.lang.String,java.lang.String)]]>
              </value>
            </param>
            <param index="1">
              <value>
                <![CDATA[chrome]]>
              </value>
            </param>
          </params>
          <reporter-output>
          </reporter-output>
        </test-method> <!-- beforeMethod -->
        <test-method signature="TC03(java.lang.String,java.lang.String,java.lang.String,java.lang.String)[pri:0, instance:selenium.automation.framework.tests.Login.TestCase03@5b12b668]" started-at="2025-11-22T13:44:10 IST" name="TC03" data-provider="excelDataProvider" finished-at="2025-11-22T13:44:29 IST" duration-ms="18843" status="PASS">
          <params>
            <param index="0">
              <value>
                <![CDATA[LOGIN-03]]>
              </value>
            </param>
            <param index="1">
              <value>
                <![CDATA[john.doe+test1@example.com]]>
              </value>
            </param>
            <param index="2">
              <value>
                <![CDATA[Passw0rd!]]>
              </value>
            </param>
            <param index="3">
              <value>
                <![CDATA[Success if REG-01 passed]]>
              </value>
            </param>
          </params>
          <reporter-output>
          </reporter-output>
        </test-method> <!-- TC03 -->
        <test-method is-config="true" signature="afterMethod(org.testng.ITestResult,java.lang.reflect.Method)[pri:0, instance:selenium.automation.framework.tests.Login.TestCase03@5b12b668]" started-at="2025-11-22T13:44:29 IST" name="afterMethod" finished-at="2025-11-22T13:44:29 IST" duration-ms="313" status="PASS">
          <params>
            <param index="0">
              <value>
                <![CDATA[[TestResult name=TC03 status=SUCCESS method=TestCase03.TC03(java.lang.String,java.lang.String,java.lang.String,java.lang.String)[pri:0, instance:selenium.automation.framework.tests.Login.TestCase03@5b12b668] output={null}]]]>
              </value>
            </param>
            <param index="1">
              <value>
                <![CDATA[public void selenium.automation.framework.tests.Login.TestCase03.TC03(java.lang.String,java.lang.String,java.lang.String,java.lang.String)]]>
              </value>
            </param>
          </params>
          <reporter-output>
          </reporter-output>
        </test-method> <!-- afterMethod -->
        <test-method is-config="true" signature="beforeMethod(java.lang.reflect.Method,java.lang.String)[pri:0, instance:selenium.automation.framework.tests.Login.TestCase03@5b12b668]" started-at="2025-11-22T13:44:29 IST" name="beforeMethod" finished-at="2025-11-22T13:44:31 IST" duration-ms="1482" status="PASS">
          <params>
            <param index="0">
              <value>
                <![CDATA[public void selenium.automation.framework.tests.Login.TestCase03.TC03(java.lang.String,java.lang.String,java.lang.String,java.lang.String)]]>
              </value>
            </param>
            <param index="1">
              <value>
                <![CDATA[chrome]]>
              </value>
            </param>
          </params>
          <reporter-output>
          </reporter-output>
        </test-method> <!-- beforeMethod -->
        <test-method signature="TC03(java.lang.String,java.lang.String,java.lang.String,java.lang.String)[pri:0, instance:selenium.automation.framework.tests.Login.TestCase03@5b12b668]" started-at="2025-11-22T13:44:31 IST" name="TC03" data-provider="excelDataProvider" finished-at="2025-11-22T13:44:38 IST" duration-ms="7028" status="PASS">
          <params>
            <param index="0">
              <value>
                <![CDATA[LOGIN-04]]>
              </value>
            </param>
            <param index="1">
              <value>
                <![CDATA[priya.sharma@example.co.in]]>
              </value>
            </param>
            <param index="2">
              <value>
                <![CDATA[WrongPass]]>
              </value>
            </param>
            <param index="3">
              <value>
                <![CDATA[Fail - wrong password]]>
              </value>
            </param>
          </params>
          <reporter-output>
          </reporter-output>
        </test-method> <!-- TC03 -->
        <test-method is-config="true" signature="afterMethod(org.testng.ITestResult,java.lang.reflect.Method)[pri:0, instance:selenium.automation.framework.tests.Login.TestCase03@5b12b668]" started-at="2025-11-22T13:44:38 IST" name="afterMethod" finished-at="2025-11-22T13:44:38 IST" duration-ms="326" status="PASS">
          <params>
            <param index="0">
              <value>
                <![CDATA[[TestResult name=TC03 status=SUCCESS method=TestCase03.TC03(java.lang.String,java.lang.String,java.lang.String,java.lang.String)[pri:0, instance:selenium.automation.framework.tests.Login.TestCase03@5b12b668] output={null}]]]>
              </value>
            </param>
            <param index="1">
              <value>
                <![CDATA[public void selenium.automation.framework.tests.Login.TestCase03.TC03(java.lang.String,java.lang.String,java.lang.String,java.lang.String)]]>
              </value>
            </param>
          </params>
          <reporter-output>
          </reporter-output>
        </test-method> <!-- afterMethod -->
        <test-method is-config="true" signature="beforeMethod(java.lang.reflect.Method,java.lang.String)[pri:0, instance:selenium.automation.framework.tests.Login.TestCase03@5b12b668]" started-at="2025-11-22T13:44:38 IST" name="beforeMethod" finished-at="2025-11-22T13:44:40 IST" duration-ms="1503" status="PASS">
          <params>
            <param index="0">
              <value>
                <![CDATA[public void selenium.automation.framework.tests.Login.TestCase03.TC03(java.lang.String,java.lang.String,java.lang.String,java.lang.String)]]>
              </value>
            </param>
            <param index="1">
              <value>
                <![CDATA[chrome]]>
              </value>
            </param>
          </params>
          <reporter-output>
          </reporter-output>
        </test-method> <!-- beforeMethod -->
        <test-method signature="TC03(java.lang.String,java.lang.String,java.lang.String,java.lang.String)[pri:0, instance:selenium.automation.framework.tests.Login.TestCase03@5b12b668]" started-at="2025-11-22T13:44:40 IST" name="TC03" data-provider="excelDataProvider" finished-at="2025-11-22T13:44:49 IST" duration-ms="9384" status="PASS">
          <params>
            <param index="0">
              <value>
                <![CDATA[LOGIN-05]]>
              </value>
            </param>
            <param index="1">
              <value>
                <![CDATA[nonexistent.user@example.com]]>
              </value>
            </param>
            <param index="2">
              <value>
                <![CDATA[AnyPass1]]>
              </value>
            </param>
            <param index="3">
              <value>
                <![CDATA[Fail - unknown user]]>
              </value>
            </param>
          </params>
          <reporter-output>
          </reporter-output>
        </test-method> <!-- TC03 -->
        <test-method is-config="true" signature="afterMethod(org.testng.ITestResult,java.lang.reflect.Method)[pri:0, instance:selenium.automation.framework.tests.Login.TestCase03@5b12b668]" started-at="2025-11-22T13:44:49 IST" name="afterMethod" finished-at="2025-11-22T13:44:49 IST" duration-ms="322" status="PASS">
          <params>
            <param index="0">
              <value>
                <![CDATA[[TestResult name=TC03 status=SUCCESS method=TestCase03.TC03(java.lang.String,java.lang.String,java.lang.String,java.lang.String)[pri:0, instance:selenium.automation.framework.tests.Login.TestCase03@5b12b668] output={null}]]]>
              </value>
            </param>
            <param index="1">
              <value>
                <![CDATA[public void selenium.automation.framework.tests.Login.TestCase03.TC03(java.lang.String,java.lang.String,java.lang.String,java.lang.String)]]>
              </value>
            </param>
          </params>
          <reporter-output>
          </reporter-output>
        </test-method> <!-- afterMethod -->
        <test-method is-config="true" signature="beforeMethod(java.lang.reflect.Method,java.lang.String)[pri:0, instance:selenium.automation.framework.tests.Login.TestCase03@5b12b668]" started-at="2025-11-22T13:44:49 IST" name="beforeMethod" finished-at="2025-11-22T13:44:51 IST" duration-ms="1432" status="PASS">
          <params>
            <param index="0">
              <value>
                <![CDATA[public void selenium.automation.framework.tests.Login.TestCase03.TC03(java.lang.String,java.lang.String,java.lang.String,java.lang.String)]]>
              </value>
            </param>
            <param index="1">
              <value>
                <![CDATA[chrome]]>
              </value>
            </param>
          </params>
          <reporter-output>
          </reporter-output>
        </test-method> <!-- beforeMethod -->
        <test-method signature="TC03(java.lang.String,java.lang.String,java.lang.String,java.lang.String)[pri:0, instance:selenium.automation.framework.tests.Login.TestCase03@5b12b668]" started-at="2025-11-22T13:44:51 IST" name="TC03" data-provider="excelDataProvider" finished-at="2025-11-22T13:45:09 IST" duration-ms="18073" status="PASS">
          <params>
            <param index="0">
              <value>
                <![CDATA[LOGIN-06]]>
              </value>
            </param>
            <param index="1">
              <value>
                <![CDATA[invalid-email-format]]>
              </value>
            </param>
            <param index="2">
              <value>
[...]
          <params>
            <param index="0">
              <value>
                <![CDATA[john.doe+test1@example.com]]>
              </value>
            </param>
            <param index="1">
              <value>
                <![CDATA[Passw0rd!]]>
              </value>
            </param>
          </params>
          <reporter-output>
          </reporter-output>
        </test-method> <!-- TC01 -->
        <test-method is-config="true" signature="afterMethod(org.testng.ITestResult,java.lang.reflect.Method)[pri:0, instance:selenium.automation.framework.tests.Checkout.TestCase01@77c2494c]" started-at="2025-11-22T13:47:32 IST" name="afterMethod" finished-at="2025-11-22T13:47:33 IST" duration-ms="675" status="PASS">
          <params>
            <param index="0">
              <value>
                <![CDATA[[TestResult name=TC01 status=SUCCESS method=TestCase01.TC01(java.lang.String,java.lang.String)[pri:0, instance:selenium.automation.framework.tests.Checkout.TestCase01@77c2494c] output={null}]]]>
              </value>
            </param>
            <param index="1">
              <value>
                <![CDATA[public void selenium.automation.framework.tests.Checkout.TestCase01.TC01(java.lang.String,java.lang.String)]]>
              </value>
            </param>
          </params>
          <reporter-output>
          </reporter-output>
        </test-method> <!-- afterMethod -->
        <test-method is-config="true" signature="afterClass()[pri:0, instance:selenium.automation.framework.tests.Checkout.TestCase01@77c2494c]" started-at="2025-11-22T13:47:33 IST" name="afterClass" finished-at="2025-11-22T13:47:33 IST" duration-ms="425" status="PASS">
          <reporter-output>
          </reporter-output>
        </test-method> <!-- afterClass -->
      </class> <!-- selenium.automation.framework.tests.Checkout.TestCase01 -->
    </test> <!-- Checkout Test Suite -->
    <test started-at="2025-11-22T13:48:15 IST" name="Selenium Features Demo Suite" finished-at="2025-11-22T13:50:09 IST" duration-ms="113439">
      <class name="selenium.automation.framework.tests.Features.BrowserConsoleLogsDemo">
        <test-method is-config="true" signature="beforeClass()[pri:0, instance:selenium.automation.framework.tests.Features.BrowserConsoleLogsDemo@302552ec]" started-at="2025-11-22T13:49:51 IST" name="beforeClass" finished-at="2025-11-22T13:49:51 IST" duration-ms="1" status="PASS">
          <reporter-output>
          </reporter-output>
        </test-method> <!-- beforeClass -->
        <test-method is-config="true" signature="beforeMethod(java.lang.reflect.Method,java.lang.String)[pri:0, instance:selenium.automation.framework.tests.Features.BrowserConsoleLogsDemo@302552ec]" started-at="2025-11-22T13:49:51 IST" name="beforeMethod" finished-at="2025-11-22T13:49:53 IST" duration-ms="1581" status="PASS">
          <params>
            <param index="0">
              <value>
                <![CDATA[public void selenium.automation.framework.tests.Features.BrowserConsoleLogsDemo.testBrowserConsoleLogs()]]>
              </value>
            </param>
            <param index="1">
              <value>
                <![CDATA[chrome]]>
              </value>
            </param>
          </params>
          <reporter-output>
          </reporter-output>
        </test-method> <!-- beforeMethod -->
        <test-method signature="testBrowserConsoleLogs()[pri:0, instance:selenium.automation.framework.tests.Features.BrowserConsoleLogsDemo@302552ec]" started-at="2025-11-22T13:49:53 IST" name="testBrowserConsoleLogs" finished-at="2025-11-22T13:50:08 IST" duration-ms="15608" status="PASS">
          <reporter-output>
          </reporter-output>
        </test-method> <!-- testBrowserConsoleLogs -->
        <test-method is-config="true" signature="afterMethod(org.testng.ITestResult,java.lang.reflect.Method)[pri:0, instance:selenium.automation.framework.tests.Features.BrowserConsoleLogsDemo@302552ec]" started-at="2025-11-22T13:50:08 IST" name="afterMethod" finished-at="2025-11-22T13:50:09 IST" duration-ms="303" status="PASS">
          <params>
            <param index="0">
              <value>
                <![CDATA[[TestResult name=testBrowserConsoleLogs status=SUCCESS method=BrowserConsoleLogsDemo.testBrowserConsoleLogs()[pri:0, instance:selenium.automation.framework.tests.Features.BrowserConsoleLogsDemo@302552ec] output={null}]]]>
              </value>
            </param>
            <param index="1">
              <value>
                <![CDATA[public void selenium.automation.framework.tests.Features.BrowserConsoleLogsDemo.testBrowserConsoleLogs()]]>
              </value>
            </param>
          </params>
          <reporter-output>
          </reporter-output>
        </test-method> <!-- afterMethod -->
        <test-method is-config="true" signature="afterClass()[pri:0, instance:selenium.automation.framework.tests.Features.BrowserConsoleLogsDemo@302552ec]" started-at="2025-11-22T13:50:09 IST" name="afterClass" finished-at="2025-11-22T13:50:09 IST" duration-ms="219" status="PASS">
          <reporter-output>
          </reporter-output>
        </test-method> <!-- afterClass -->
      </class> <!-- selenium.automation.framework.tests.Features.BrowserConsoleLogsDemo -->
      <class name="selenium.automation.framework.tests.Features.RelativeLocatorsDemo">
        <test-method is-config="true" signature="beforeClass()[pri:0, instance:selenium.automation.framework.tests.Features.RelativeLocatorsDemo@bcec361]" started-at="2025-11-22T13:48:30 IST" name="beforeClass" finished-at="2025-11-22T13:48:30 IST" duration-ms="1" status="PASS">
          <reporter-output>
          </reporter-output>
        </test-method> <!-- beforeClass -->
        <test-method is-config="true" signature="beforeMethod(java.lang.reflect.Method,java.lang.String)[pri:0, instance:selenium.automation.framework.tests.Features.RelativeLocatorsDemo@bcec361]" started-at="2025-11-22T13:48:30 IST" name="beforeMethod" finished-at="2025-11-22T13:48:31 IST" duration-ms="1287" status="PASS">
          <params>
            <param index="0">
              <value>
                <![CDATA[public void selenium.automation.framework.tests.Features.RelativeLocatorsDemo.testRelativeLocators()]]>
              </value>
            </param>
            <param index="1">
              <value>
                <![CDATA[chrome]]>
              </value>
            </param>
          </params>
          <reporter-output>
          </reporter-output>
        </test-method> <!-- beforeMethod -->
        <test-method signature="testRelativeLocators()[pri:0, instance:selenium.automation.framework.tests.Features.RelativeLocatorsDemo@bcec361]" started-at="2025-11-22T13:48:31 IST" name="testRelativeLocators" finished-at="2025-11-22T13:48:42 IST" duration-ms="10797" status="PASS">
          <reporter-output>
          </reporter-output>
        </test-method> <!-- testRelativeLocators -->
        <test-method is-config="true" signature="afterMethod(org.testng.ITestResult,java.lang.reflect.Method)[pri:0, instance:selenium.automation.framework.tests.Features.RelativeLocatorsDemo@bcec361]" started-at="2025-11-22T13:48:42 IST" name="afterMethod" finished-at="2025-11-22T13:48:42 IST" duration-ms="262" status="PASS">
          <params>
            <param index="0">
              <value>
                <![CDATA[[TestResult name=testRelativeLocators status=SUCCESS method=RelativeLocatorsDemo.testRelativeLocators()[pri:0, instance:selenium.automation.framework.tests.Features.RelativeLocatorsDemo@bcec361] output={null}]]]>
              </value>
            </param>
            <param index="1">
              <value>
                <![CDATA[public void selenium.automation.framework.tests.Features.RelativeLocatorsDemo.testRelativeLocators()]]>
              </value>
            </param>
          </params>
          <reporter-output>
          </reporter-output>
        </test-method> <!-- afterMethod -->
        <test-method is-config="true" signature="afterClass()[pri:0, instance:selenium.automation.framework.tests.Features.RelativeLocatorsDemo@bcec361]" started-at="2025-11-22T13:48:42 IST" name="afterClass" finished-at="2025-11-22T13:48:43 IST" duration-ms="207" status="PASS">
          <reporter-output>
          </reporter-output>
        </test-method> <!-- afterClass -->
      </class> <!-- selenium.automation.framework.tests.Features.RelativeLocatorsDemo -->
      <class name="selenium.automation.framework.tests.Features.ActionsClassDemo">
        <test-method is-config="true" signature="beforeSuite()[pri:0, instance:selenium.automation.framework.tests.Features.ActionsClassDemo@4e08711f]" started-at="2025-11-22T13:38:21 IST" name="beforeSuite" finished-at="2025-11-22T13:38:21 IST" duration-ms="303" status="PASS">
          <reporter-output>
          </reporter-output>
        </test-method> <!-- beforeSuite -->
        <test-method is-config="true" signature="beforeClass()[pri:0, instance:selenium.automation.framework.tests.Features.ActionsClassDemo@4e08711f]" started-at="2025-11-22T13:48:15 IST" name="beforeClass" finished-at="2025-11-22T13:48:15 IST" duration-ms="1" status="PASS">
          <reporter-output>
          </reporter-output>
        </test-method> <!-- beforeClass -->
        <test-method is-config="true" signature="beforeMethod(java.lang.reflect.Method,java.lang.String)[pri:0, instance:selenium.automation.framework.tests.Features.ActionsClassDemo@4e08711f]" started-at="2025-11-22T13:48:15 IST" name="beforeMethod" finished-at="2025-11-22T13:48:17 IST" duration-ms="1359" status="PASS">
          <params>
            <param index="0">
              <value>
                <![CDATA[public void selenium.automation.framework.tests.Features.ActionsClassDemo.testActionsClass()]]>
              </value>
            </param>
            <param index="1">
              <value>
                <![CDATA[chrome]]>
              </value>
            </param>
          </params>
          <reporter-output>
          </reporter-output>
        </test-method> <!-- beforeMethod -->
        <test-method signature="testActionsClass()[pri:0, instance:selenium.automation.framework.tests.Features.ActionsClassDemo@4e08711f]" started-at="2025-11-22T13:48:17 IST" name="testActionsClass" finished-at="2025-11-22T13:48:29 IST" duration-ms="12729" status="PASS">
          <reporter-output>
          </reporter-output>
        </test-method> <!-- testActionsClass -->
        <test-method is-config="true" signature="afterMethod(org.testng.ITestResult,java.lang.reflect.Method)[pri:0, instance:selenium.automation.framework.tests.Features.ActionsClassDemo@4e08711f]" started-at="2025-11-22T13:48:29 IST" name="afterMethod" finished-at="2025-11-22T13:48:30 IST" duration-ms="416" status="PASS">
          <params>
            <param index="0">
              <value>
                <![CDATA[[TestResult name=testActionsClass status=SUCCESS method=ActionsClassDemo.testActionsClass()[pri:0, instance:selenium.automation.framework.tests.Features.ActionsClassDemo@4e08711f] output={null}]]]>
              </value>
            </param>
            <param index="1">
              <value>
                <![CDATA[public void selenium.automation.framework.tests.Features.ActionsClassDemo.testActionsClass()]]>
              </value>
            </param>
          </params>
          <reporter-output>
          </reporter-output>
        </test-method> <!-- afterMethod -->
        <test-method is-config="true" signature="afterClass()[pri:0, instance:selenium.automation.framework.tests.Features.ActionsClassDemo@4e08711f]" started-at="2025-11-22T13:48:30 IST" name="afterClass" finished-at="2025-11-22T13:48:30 IST" duration-ms="256" status="PASS">
          <reporter-output>
          </reporter-output>
        </test-method> <!-- afterClass -->
        <test-method is-config="true" signature="afterSuite()[pri:0, instance:selenium.automation.framework.tests.Features.ActionsClassDemo@4e08711f]" started-at="2025-11-22T13:50:09 IST" name="afterSuite" finished-at="2025-11-22T13:50:09 IST" duration-ms="434" status="PASS">
          <reporter-output>
          </reporter-output>
        </test-method> <!-- afterSuite -->
      </class> <!-- selenium.automation.framework.tests.Features.ActionsClassDemo -->
      <class name="selenium.automation.framework.tests.Features.WaitsDemo">
        <test-method is-config="true" signature="beforeClass()[pri:0, instance:selenium.automation.framework.tests.Features.WaitsDemo@26794848]" started-at="2025-11-22T13:48:43 IST" name="beforeClass" finished-at="2025-11-22T13:48:43 IST" duration-ms="0" status="PASS">
          <reporter-output>
          </reporter-output>
        </test-method> <!-- beforeClass -->
        <test-method is-config="true" signature="beforeMethod(java.lang.reflect.Method,java.lang.String)[pri:0, instance:selenium.automation.framework.tests.Features.WaitsDemo@26794848]" started-at="2025-11-22T13:48:43 IST" name="beforeMethod" finished-at="2025-11-22T13:48:44 IST" duration-ms="1335" status="PASS">
          <params>
            <param index="0">
              <value>
                <![CDATA[public void selenium.automation.framework.tests.Features.WaitsDemo.testImplicitWaitFailure()]]>
              </value>
            </param>
            <param index="1">
              <value>
                <![CDATA[chrome]]>
              </value>
            </param>
          </params>
          <reporter-output>
          </reporter-output>
        </test-method> <!-- beforeMethod -->
        <test-method signature="testImplicitWaitFailure()[pri:1, instance:selenium.automation.framework.tests.Features.WaitsDemo@26794848]" started-at="2025-11-22T13:48:44 IST" name="testImplicitWaitFailure" finished-at="2025-11-22T13:49:16 IST" duration-ms="32474" status="PASS">
          <reporter-output>
          </reporter-output>
        </test-method> <!-- testImplicitWaitFailure -->
        <test-method is-config="true" signature="afterMethod(org.testng.ITestResult,java.lang.reflect.Method)[pri:0, instance:selenium.automation.framework.tests.Features.WaitsDemo@26794848]" started-at="2025-11-22T13:49:16 IST" name="afterMethod" finished-at="2025-11-22T13:49:17 IST" duration-ms="291" status="PASS">
          <params>
            <param index="0">
              <value>
                <![CDATA[[TestResult name=testImplicitWaitFailure status=SUCCESS method=WaitsDemo.testImplicitWaitFailure()[pri:1, instance:selenium.automation.framework.tests.Features.WaitsDemo@26794848] output={null}]]]>
              </value>
            </param>
            <param index="1">
              <value>
                <![CDATA[public void selenium.automation.framework.tests.Features.WaitsDemo.testImplicitWaitFailure()]]>
              </value>
            </param>
          </params>
          <reporter-output>
          </reporter-output>
        </test-method> <!-- afterMethod -->
        <test-method is-config="true" signature="beforeMethod(java.lang.reflect.Method,java.lang.String)[pri:0, instance:selenium.automation.framework.tests.Features.WaitsDemo@26794848]" started-at="2025-11-22T13:49:17 IST" name="beforeMethod" finished-at="2025-11-22T13:49:18 IST" duration-ms="1427" status="PASS">
          <params>
            <param index="0">
              <value>
                <![CDATA[public void selenium.automation.framework.tests.Features.WaitsDemo.testExplicitWaitSuccess()]]>
              </value>
            </param>
            <param index="1">
              <value>
                <![CDATA[chrome]]>
              </value>
            </param>
          </params>
          <reporter-output>
          </reporter-output>
        </test-method> <!-- beforeMethod -->
        <test-method signature="testExplicitWaitSuccess()[pri:2, instance:selenium.automation.framework.tests.Features.WaitsDemo@26794848]" started-at="2025-11-22T13:49:18 IST" name="testExplicitWaitSuccess" finished-at="2025-11-22T13:49:34 IST" duration-ms="15899" status="PASS">
          <reporter-output>
          </reporter-output>
        </test-method> <!-- testExplicitWaitSuccess -->
        <test-method is-config="true" signature="afterMethod(org.testng.ITestResult,java.lang.reflect.Method)[pri:0, instance:selenium.automation.framework.tests.Features.WaitsDemo@26794848]" started-at="2025-11-22T13:49:34 IST" name="afterMethod" finished-at="2025-11-22T13:49:34 IST" duration-ms="266" status="PASS">
          <params>
            <param index="0">
              <value>
                <![CDATA[[TestResult name=testExplicitWaitSuccess status=SUCCESS method=WaitsDemo.testExplicitWaitSuccess()[pri:2, instance:selenium.automation.framework.tests.Features.WaitsDemo@26794848] output={null}]]]>
              </value>
            </param>
            <param index="1">
              <value>
                <![CDATA[public void selenium.automation.framework.tests.Features.WaitsDemo.testExplicitWaitSuccess()]]>
              </value>
            </param>
          </params>
          <reporter-output>
          </reporter-output>
        </test-method> <!-- afterMethod -->
        <test-method is-config="true" signature="beforeMethod(java.lang.reflect.Method,java.lang.String)[pri:0, instance:selenium.automation.framework.tests.Features.WaitsDemo@26794848]" started-at="2025-11-22T13:49:34 IST" name="beforeMethod" finished-at="2025-11-22T13:49:36 IST" duration-ms="1551" status="PASS">
          <params>
            <param index="0">
              <value>
                <![CDATA[public void selenium.automation.framework.tests.Features.WaitsDemo.testFluentWaitDemo()]]>
              </value>
            </param>
            <param index="1">
              <value>
                <![CDATA[chrome]]>
              </value>
            </param>
          </params>
          <reporter-output>
          </reporter-output>
        </test-method> <!-- beforeMethod -->
        <test-method signature="testFluentWaitDemo()[pri:3, instance:selenium.automation.framework.tests.Features.WaitsDemo@26794848]" started-at="2025-11-22T13:49:36 IST" name="testFluentWaitDemo" finished-at="2025-11-22T13:49:50 IST" duration-ms="14562" status="PASS">
          <reporter-output>
          </reporter-output>
        </test-method> <!-- testFluentWaitDemo -->
        <test-method is-config="true" signature="afterMethod(org.testng.ITestResult,java.lang.reflect.Method)[pri:0, instance:selenium.automation.framework.tests.Features.WaitsDemo@26794848]" started-at="2025-11-22T13:49:50 IST" name="afterMethod" finished-at="2025-11-22T13:49:51 IST" duration-ms="335" status="PASS">
          <params>
            <param index="0">
              <value>
                <![CDATA[[TestResult name=testFluentWaitDemo status=SUCCESS method=WaitsDemo.testFluentWaitDemo()[pri:3, instance:selenium.automation.framework.tests.Features.WaitsDemo@26794848] output={null}]]]>
              </value>
            </param>
            <param index="1">
              <value>
                <![CDATA[public void selenium.automation.framework.tests.Features.WaitsDemo.testFluentWaitDemo()]]>
              </value>
            </param>
          </params>
          <reporter-output>
          </reporter-output>
        </test-method> <!-- afterMethod -->
        <test-method is-config="true" signature="afterClass()[pri:0, instance:selenium.automation.framework.tests.Features.WaitsDemo@26794848]" started-at="2025-11-22T13:49:51 IST" name="afterClass" finished-at="2025-11-22T13:49:51 IST" duration-ms="260" status="PASS">
          <reporter-output>
          </reporter-output>
        </test-method> <!-- afterClass -->
      </class> <!-- selenium.automation.framework.tests.Features.WaitsDemo -->
    </test> <!-- Selenium Features Demo Suite -->
  </suite> <!-- Selenium Automation Test Suite -->
</testng-results>
