<?xml version="1.0" encoding="UTF-8"?>
<!-- Generated by org.testng.reporters.JUnitXMLReporter -->
<testsuite ignored="4" hostname="Steller" failures="0" tests="7" name="Login Test Suite" time="96.985" errors="0" timestamp="2025-11-22T13:45:45 IST">
  <testcase classname="selenium.automation.framework.tests.Login.TestCase02" name="TC02" time="6.596"/>
  <testcase classname="selenium.automation.framework.tests.Login.TestCase01" name="TC01" time="10.718"/>
  <testcase classname="selenium.automation.framework.tests.Login.TestCase03" name="TC03" time="18.843"/>
  <testcase classname="selenium.automation.framework.tests.Login.TestCase03" name="TC03" time="7.028"/>
  <testcase classname="selenium.automation.framework.tests.Login.TestCase03" name="TC03" time="9.384"/>
  <testcase classname="selenium.automation.framework.tests.Login.TestCase03" name="TC03" time="18.073"/>
  <testcase classname="selenium.automation.framework.tests.Login.TestCase03" name="TC03" time="33.358"/>
  <testcase classname="selenium.automation.framework.tests.BaseTest" name="@BeforeSuite beforeSuite" time="0.0">
    <ignored/>
  </testcase> <!-- @BeforeSuite beforeSuite -->
  <testcase classname="selenium.automation.framework.tests.BaseTest" name="@AfterSuite afterSuite" time="0.0">
    <ignored/>
  </testcase> <!-- @AfterSuite afterSuite -->
  <testcase classname="selenium.automation.framework.tests.BaseTest" name="@BeforeSuite beforeSuite" time="0.0">
    <ignored/>
  </testcase> <!-- @BeforeSuite beforeSuite -->
  <testcase classname="selenium.automation.framework.tests.BaseTest" name="@AfterSuite afterSuite" time="0.0">
    <ignored/>
  </testcase> <!-- @AfterSuite afterSuite -->
</testsuite> <!-- Login Test Suite -->
