<?xml version="1.0" encoding="UTF-8"?>
<!-- Generated by org.testng.reporters.JUnitXMLReporter -->
<testsuite ignored="12" hostname="Steller" failures="0" tests="7" name="Product Test Suite" time="78.14" errors="0" timestamp="2025-11-22T13:47:03 IST">
  <testcase classname="selenium.automation.framework.tests.Cart.TestCase01" name="TC01" time="23.866"/>
  <testcase classname="selenium.automation.framework.tests.Cart.TestCase03" name="TC03" time="25.727"/>
  <testcase classname="selenium.automation.framework.tests.Cart.TestCase02" name="TC02" time="30.428"/>
  <testcase classname="selenium.automation.framework.tests.Cart.TestCase04" name="TC04" time="33.239"/>
  <testcase classname="selenium.automation.framework.tests.Cart.TestCase05" name="TC05" time="25.39"/>
  <testcase classname="selenium.automation.framework.tests.Cart.TestCase06" name="TC06" time="35.177"/>
  <testcase classname="selenium.automation.framework.tests.Cart.TestCase07" name="TC07" time="42.453"/>
  <testcase classname="selenium.automation.framework.tests.BaseTest" name="@BeforeSuite beforeSuite" time="0.0">
    <ignored/>
  </testcase> <!-- @BeforeSuite beforeSuite -->
  <testcase classname="selenium.automation.framework.tests.BaseTest" name="@AfterSuite afterSuite" time="0.0">
    <ignored/>
  </testcase> <!-- @AfterSuite afterSuite -->
  <testcase classname="selenium.automation.framework.tests.BaseTest" name="@BeforeSuite beforeSuite" time="0.0">
    <ignored/>
  </testcase> <!-- @BeforeSuite beforeSuite -->
  <testcase classname="selenium.automation.framework.tests.BaseTest" name="@AfterSuite afterSuite" time="0.0">
    <ignored/>
  </testcase> <!-- @AfterSuite afterSuite -->
  <testcase classname="selenium.automation.framework.tests.BaseTest" name="@BeforeSuite beforeSuite" time="0.0">
    <ignored/>
  </testcase> <!-- @BeforeSuite beforeSuite -->
  <testcase classname="selenium.automation.framework.tests.BaseTest" name="@AfterSuite afterSuite" time="0.0">
    <ignored/>
  </testcase> <!-- @AfterSuite afterSuite -->
  <testcase classname="selenium.automation.framework.tests.BaseTest" name="@AfterSuite afterSuite" time="0.0">
    <ignored/>
  </testcase> <!-- @AfterSuite afterSuite -->
  <testcase classname="selenium.automation.framework.tests.BaseTest" name="@AfterSuite afterSuite" time="0.0">
    <ignored/>
  </testcase> <!-- @AfterSuite afterSuite -->
  <testcase classname="selenium.automation.framework.tests.BaseTest" name="@AfterSuite afterSuite" time="0.0">
    <ignored/>
  </testcase> <!-- @AfterSuite afterSuite -->
  <testcase classname="selenium.automation.framework.tests.BaseTest" name="@BeforeSuite beforeSuite" time="0.0">
    <ignored/>
  </testcase> <!-- @BeforeSuite beforeSuite -->
  <testcase classname="selenium.automation.framework.tests.BaseTest" name="@BeforeSuite beforeSuite" time="0.0">
    <ignored/>
  </testcase> <!-- @BeforeSuite beforeSuite -->
  <testcase classname="selenium.automation.framework.tests.BaseTest" name="@BeforeSuite beforeSuite" time="0.0">
    <ignored/>
  </testcase> <!-- @BeforeSuite beforeSuite -->
</testsuite> <!-- Product Test Suite -->
