<?xml version="1.0" encoding="UTF-8"?>
<!-- Generated by org.testng.reporters.JUnitXMLReporter -->
<testsuite ignored="6" hostname="Steller" failures="0" tests="6" name="Selenium Features Demo Suite" time="113.439" errors="0" timestamp="2025-11-22T13:50:09 IST">
  <testcase classname="selenium.automation.framework.tests.Features.ActionsClassDemo" name="testActionsClass" time="12.729"/>
  <testcase classname="selenium.automation.framework.tests.Features.RelativeLocatorsDemo" name="testRelativeLocators" time="10.797"/>
  <testcase classname="selenium.automation.framework.tests.Features.WaitsDemo" name="testImplicitWaitFailure" time="32.474"/>
  <testcase classname="selenium.automation.framework.tests.Features.WaitsDemo" name="testExplicitWaitSuccess" time="15.899"/>
  <testcase classname="selenium.automation.framework.tests.Features.WaitsDemo" name="testFluentWaitDemo" time="14.562"/>
  <testcase classname="selenium.automation.framework.tests.Features.BrowserConsoleLogsDemo" name="testBrowserConsoleLogs" time="15.608"/>
  <testcase classname="selenium.automation.framework.tests.BaseTest" name="@BeforeSuite beforeSuite" time="0.0">
    <ignored/>
  </testcase> <!-- @BeforeSuite beforeSuite -->
  <testcase classname="selenium.automation.framework.tests.BaseTest" name="@BeforeSuite beforeSuite" time="0.0">
    <ignored/>
  </testcase> <!-- @BeforeSuite beforeSuite -->
  <testcase classname="selenium.automation.framework.tests.BaseTest" name="@AfterSuite afterSuite" time="0.0">
    <ignored/>
  </testcase> <!-- @AfterSuite afterSuite -->
  <testcase classname="selenium.automation.framework.tests.BaseTest" name="@AfterSuite afterSuite" time="0.0">
    <ignored/>
  </testcase> <!-- @AfterSuite afterSuite -->
  <testcase classname="selenium.automation.framework.tests.BaseTest" name="@AfterSuite afterSuite" time="0.0">
    <ignored/>
  </testcase> <!-- @AfterSuite afterSuite -->
  <testcase classname="selenium.automation.framework.tests.BaseTest" name="@BeforeSuite beforeSuite" time="0.0">
    <ignored/>
  </testcase> <!-- @BeforeSuite beforeSuite -->
</testsuite> <!-- Selenium Features Demo Suite -->
