<?xml version="1.0" encoding="UTF-8"?>
<!-- Generated by org.testng.reporters.JUnitXMLReporter -->
<testsuite ignored="4" hostname="Steller" failures="0" tests="12" name="Sign Up Test Suite" time="347.37" errors="0" timestamp="2025-11-22T13:44:08 IST">
  <testcase classname="selenium.automation.framework.tests.SignUp.TestCase02" name="TC02" time="5.989"/>
  <testcase classname="selenium.automation.framework.tests.SignUp.TestCase01" name="TC01" time="7.707"/>
  <testcase classname="selenium.automation.framework.tests.SignUp.TestCase03" name="TC03" time="35.378"/>
  <testcase classname="selenium.automation.framework.tests.SignUp.TestCase03" name="TC03" time="36.681"/>
  <testcase classname="selenium.automation.framework.tests.SignUp.TestCase03" name="TC03" time="69.588"/>
  <testcase classname="selenium.automation.framework.tests.SignUp.TestCase03" name="TC03" time="31.008"/>
  <testcase classname="selenium.automation.framework.tests.SignUp.TestCase03" name="TC03" time="8.448"/>
  <testcase classname="selenium.automation.framework.tests.SignUp.TestCase03" name="TC03" time="35.446"/>
  <testcase classname="selenium.automation.framework.tests.SignUp.TestCase03" name="TC03" time="34.484"/>
  <testcase classname="selenium.automation.framework.tests.SignUp.TestCase03" name="TC03" time="10.244"/>
  <testcase classname="selenium.automation.framework.tests.SignUp.TestCase03" name="TC03" time="55.693"/>
  <testcase classname="selenium.automation.framework.tests.SignUp.TestCase03" name="TC03" time="10.088"/>
  <testcase classname="selenium.automation.framework.tests.BaseTest" name="@AfterSuite afterSuite" time="0.0">
    <ignored/>
  </testcase> <!-- @AfterSuite afterSuite -->
  <testcase classname="selenium.automation.framework.tests.BaseTest" name="@BeforeSuite beforeSuite" time="0.0">
    <ignored/>
  </testcase> <!-- @BeforeSuite beforeSuite -->
  <testcase classname="selenium.automation.framework.tests.BaseTest" name="@AfterSuite afterSuite" time="0.0">
    <ignored/>
  </testcase> <!-- @AfterSuite afterSuite -->
  <testcase classname="selenium.automation.framework.tests.BaseTest" name="@BeforeSuite beforeSuite" time="0.0">
    <ignored/>
  </testcase> <!-- @BeforeSuite beforeSuite -->
</testsuite> <!-- Sign Up Test Suite -->
